{"/home/travis/build/npmtest/node-npmtest-mailchimp-api-v3/test.js":{"path":"/home/travis/build/npmtest/node-npmtest-mailchimp-api-v3/test.js","s":{"1":2,"2":2,"3":2,"4":2,"5":2,"6":2,"7":2,"8":1,"9":2,"10":2,"11":1,"12":1,"13":1,"14":1,"15":2,"16":2,"17":2,"18":2,"19":1,"20":1,"21":2,"22":2,"23":2,"24":1,"25":1,"26":1,"27":1,"28":1,"29":1,"30":1,"31":1,"32":1,"33":1,"34":1,"35":1,"36":1,"37":1,"38":1,"39":2,"40":2,"41":1,"42":2,"43":2,"44":1,"45":2,"46":2,"47":1,"48":2,"49":2,"50":1,"51":1,"52":1,"53":1,"54":1},"b":{"1":[2,1,1,1],"2":[1,1,1,1],"3":[1,1],"4":[1,1],"5":[1,1],"6":[1,1],"7":[1,1],"8":[1,1],"9":[1,1],"10":[1,1,1],"11":[1,1],"12":[1,1],"13":[1,1],"14":[1,1],"15":[1,1],"16":[1,1],"17":[1,1]},"f":{"1":2,"2":2,"3":2,"4":2,"5":2,"6":1,"7":1,"8":1,"9":2,"10":2,"11":2,"12":2,"13":1},"fnMap":{"1":{"name":"(anonymous_1)","line":12,"loc":{"start":{"line":12,"column":1},"end":{"line":12,"column":13}}},"2":{"name":"(anonymous_2)","line":19,"loc":{"start":{"line":19,"column":5},"end":{"line":19,"column":17}}},"3":{"name":"(anonymous_3)","line":23,"loc":{"start":{"line":23,"column":24},"end":{"line":23,"column":36}}},"4":{"name":"(anonymous_4)","line":61,"loc":{"start":{"line":61,"column":5},"end":{"line":61,"column":17}}},"5":{"name":"(anonymous_5)","line":82,"loc":{"start":{"line":82,"column":5},"end":{"line":82,"column":17}}},"6":{"name":"(anonymous_6)","line":91,"loc":{"start":{"line":91,"column":77},"end":{"line":94,"column":10}}},"7":{"name":"(anonymous_7)","line":112,"loc":{"start":{"line":112,"column":83},"end":{"line":115,"column":10}},"skip":true},"8":{"name":"(anonymous_8)","line":123,"loc":{"start":{"line":123,"column":77},"end":{"line":126,"column":10}},"skip":true},"9":{"name":"(anonymous_9)","line":139,"loc":{"start":{"line":139,"column":12},"end":{"line":139,"column":40}},"skip":true},"10":{"name":"(anonymous_10)","line":147,"loc":{"start":{"line":147,"column":77},"end":{"line":150,"column":10}},"skip":true},"11":{"name":"(anonymous_11)","line":158,"loc":{"start":{"line":158,"column":83},"end":{"line":161,"column":10}},"skip":true},"12":{"name":"(anonymous_12)","line":169,"loc":{"start":{"line":169,"column":79},"end":{"line":172,"column":10}},"skip":true},"13":{"name":"(anonymous_13)","line":180,"loc":{"start":{"line":180,"column":75},"end":{"line":183,"column":10}},"skip":true}},"statementMap":{"1":{"start":{"line":12,"column":0},"end":{"line":195,"column":5}},"2":{"start":{"line":14,"column":4},"end":{"line":14,"column":14}},"3":{"start":{"line":19,"column":4},"end":{"line":56,"column":9}},"4":{"start":{"line":21,"column":8},"end":{"line":21,"column":19}},"5":{"start":{"line":23,"column":8},"end":{"line":35,"column":13}},"6":{"start":{"line":24,"column":12},"end":{"line":34,"column":13}},"7":{"start":{"line":25,"column":16},"end":{"line":28,"column":30}},"8":{"start":{"line":30,"column":16},"end":{"line":33,"column":27}},"9":{"start":{"line":37,"column":8},"end":{"line":39,"column":21}},"10":{"start":{"line":40,"column":8},"end":{"line":53,"column":9}},"11":{"start":{"line":43,"column":12},"end":{"line":46,"column":14}},"12":{"start":{"line":47,"column":12},"end":{"line":47,"column":18}},"13":{"start":{"line":50,"column":12},"end":{"line":51,"column":33}},"14":{"start":{"line":52,"column":12},"end":{"line":52,"column":18}},"15":{"start":{"line":55,"column":8},"end":{"line":55,"column":35}},"16":{"start":{"line":61,"column":4},"end":{"line":63,"column":9}},"17":{"start":{"line":62,"column":8},"end":{"line":62,"column":15}},"18":{"start":{"line":64,"column":4},"end":{"line":77,"column":5}},"19":{"start":{"line":70,"column":8},"end":{"line":70,"column":14}},"20":{"start":{"line":76,"column":8},"end":{"line":76,"column":14}},"21":{"start":{"line":82,"column":4},"end":{"line":84,"column":9}},"22":{"start":{"line":83,"column":8},"end":{"line":83,"column":15}},"23":{"start":{"line":85,"column":4},"end":{"line":194,"column":5}},"24":{"start":{"line":91,"column":8},"end":{"line":99,"column":10}},"25":{"start":{"line":98,"column":12},"end":{"line":98,"column":35}},"26":{"start":{"line":102,"column":8},"end":{"line":104,"column":63}},"27":{"start":{"line":105,"column":8},"end":{"line":105,"column":14}},"28":{"start":{"line":112,"column":8},"end":{"line":121,"column":10},"skip":true},"29":{"start":{"line":119,"column":12},"end":{"line":119,"column":55},"skip":true},"30":{"start":{"line":120,"column":12},"end":{"line":120,"column":48},"skip":true},"31":{"start":{"line":123,"column":8},"end":{"line":136,"column":10},"skip":true},"32":{"start":{"line":130,"column":12},"end":{"line":130,"column":76},"skip":true},"33":{"start":{"line":131,"column":12},"end":{"line":131,"column":73},"skip":true},"34":{"start":{"line":132,"column":12},"end":{"line":132,"column":74},"skip":true},"35":{"start":{"line":133,"column":12},"end":{"line":133,"column":79},"skip":true},"36":{"start":{"line":134,"column":12},"end":{"line":134,"column":25},"skip":true},"37":{"start":{"line":135,"column":12},"end":{"line":135,"column":45},"skip":true},"38":{"start":{"line":138,"column":8},"end":{"line":145,"column":14},"skip":true},"39":{"start":{"line":143,"column":16},"end":{"line":143,"column":29},"skip":true},"40":{"start":{"line":144,"column":16},"end":{"line":144,"column":55},"skip":true},"41":{"start":{"line":147,"column":8},"end":{"line":156,"column":10},"skip":true},"42":{"start":{"line":154,"column":12},"end":{"line":154,"column":25},"skip":true},"43":{"start":{"line":155,"column":12},"end":{"line":155,"column":45},"skip":true},"44":{"start":{"line":158,"column":8},"end":{"line":167,"column":10},"skip":true},"45":{"start":{"line":165,"column":12},"end":{"line":165,"column":25},"skip":true},"46":{"start":{"line":166,"column":12},"end":{"line":166,"column":48},"skip":true},"47":{"start":{"line":169,"column":8},"end":{"line":178,"column":10},"skip":true},"48":{"start":{"line":176,"column":12},"end":{"line":176,"column":25},"skip":true},"49":{"start":{"line":177,"column":12},"end":{"line":177,"column":46},"skip":true},"50":{"start":{"line":180,"column":8},"end":{"line":189,"column":10},"skip":true},"51":{"start":{"line":187,"column":12},"end":{"line":187,"column":94},"skip":true},"52":{"start":{"line":188,"column":12},"end":{"line":188,"column":48},"skip":true},"53":{"start":{"line":192,"column":8},"end":{"line":192,"column":35},"skip":true},"54":{"start":{"line":193,"column":8},"end":{"line":193,"column":14},"skip":true}},"branchMap":{"1":{"line":25,"type":"binary-expr","locations":[{"start":{"line":25,"column":23},"end":{"line":25,"column":62}},{"start":{"line":26,"column":20},"end":{"line":26,"column":70}},{"start":{"line":27,"column":20},"end":{"line":27,"column":71}},{"start":{"line":28,"column":20},"end":{"line":28,"column":29}}]},"2":{"line":30,"type":"binary-expr","locations":[{"start":{"line":30,"column":23},"end":{"line":30,"column":37}},{"start":{"line":31,"column":20},"end":{"line":31,"column":61}},{"start":{"line":32,"column":20},"end":{"line":32,"column":70}},{"start":{"line":33,"column":20},"end":{"line":33,"column":26}}]},"3":{"line":37,"type":"cond-expr","locations":[{"start":{"line":38,"column":14},"end":{"line":38,"column":20}},{"start":{"line":39,"column":14},"end":{"line":39,"column":20}}]},"4":{"line":40,"type":"switch","locations":[{"start":{"line":42,"column":8},"end":{"line":47,"column":18}},{"start":{"line":49,"column":8},"end":{"line":52,"column":18}}]},"5":{"line":44,"type":"binary-expr","locations":[{"start":{"line":44,"column":16},"end":{"line":44,"column":44}},{"start":{"line":44,"column":48},"end":{"line":44,"column":66}}]},"6":{"line":50,"type":"binary-expr","locations":[{"start":{"line":50,"column":21},"end":{"line":50,"column":49}},{"start":{"line":50,"column":53},"end":{"line":50,"column":72}}]},"7":{"line":64,"type":"switch","locations":[{"start":{"line":69,"column":4},"end":{"line":70,"column":14}},{"start":{"line":75,"column":4},"end":{"line":76,"column":14}}]},"8":{"line":85,"type":"switch","locations":[{"start":{"line":90,"column":4},"end":{"line":105,"column":14}},{"start":{"line":111,"column":4},"end":{"line":193,"column":14},"skip":true}]},"9":{"line":91,"type":"binary-expr","locations":[{"start":{"line":91,"column":42},"end":{"line":91,"column":73}},{"start":{"line":91,"column":77},"end":{"line":99,"column":9}}]},"10":{"line":102,"type":"binary-expr","locations":[{"start":{"line":102,"column":18},"end":{"line":102,"column":32}},{"start":{"line":103,"column":12},"end":{"line":103,"column":53}},{"start":{"line":104,"column":12},"end":{"line":104,"column":61}}]},"11":{"line":112,"type":"binary-expr","locations":[{"start":{"line":112,"column":45},"end":{"line":112,"column":79},"skip":true},{"start":{"line":112,"column":83},"end":{"line":121,"column":9},"skip":true}]},"12":{"line":123,"type":"binary-expr","locations":[{"start":{"line":123,"column":42},"end":{"line":123,"column":73},"skip":true},{"start":{"line":123,"column":77},"end":{"line":136,"column":9},"skip":true}]},"13":{"line":138,"type":"binary-expr","locations":[{"start":{"line":138,"column":48},"end":{"line":138,"column":85},"skip":true},{"start":{"line":139,"column":12},"end":{"line":145,"column":13},"skip":true}]},"14":{"line":147,"type":"binary-expr","locations":[{"start":{"line":147,"column":42},"end":{"line":147,"column":73},"skip":true},{"start":{"line":147,"column":77},"end":{"line":156,"column":9},"skip":true}]},"15":{"line":158,"type":"binary-expr","locations":[{"start":{"line":158,"column":45},"end":{"line":158,"column":79},"skip":true},{"start":{"line":158,"column":83},"end":{"line":167,"column":9},"skip":true}]},"16":{"line":169,"type":"binary-expr","locations":[{"start":{"line":169,"column":43},"end":{"line":169,"column":75},"skip":true},{"start":{"line":169,"column":79},"end":{"line":178,"column":9},"skip":true}]},"17":{"line":180,"type":"binary-expr","locations":[{"start":{"line":180,"column":41},"end":{"line":180,"column":71},"skip":true},{"start":{"line":180,"column":75},"end":{"line":189,"column":9},"skip":true}]}},"code":["/* istanbul instrument in package npmtest_mailchimp_api_v3 */","/*jslint","    bitwise: true,","    browser: true,","    maxerr: 8,","    maxlen: 96,","    node: true,","    nomen: true,","    regexp: true,","    stupid: true","*/","(function () {","    'use strict';","    var local;","","","","    // run shared js-env code - pre-init","    (function () {","        // init local","        local = {};","        // init modeJs","        local.modeJs = (function () {","            try {","                return typeof navigator.userAgent === 'string' &&","                    typeof document.querySelector('body') === 'object' &&","                    typeof XMLHttpRequest.prototype.open === 'function' &&","                    'browser';","            } catch (errorCaughtBrowser) {","                return module.exports &&","                    typeof process.versions.node === 'string' &&","                    typeof require('http').createServer === 'function' &&","                    'node';","            }","        }());","        // init global","        local.global = local.modeJs === 'browser'","            ? window","            : global;","        switch (local.modeJs) {","        // re-init local from window.local","        case 'browser':","            local = local.global.utility2.objectSetDefault(","                local.global.utility2_rollup || local.global.local,","                local.global.utility2","            );","            break;","        // re-init local from example.js","        case 'node':","            local = (local.global.utility2_rollup || require('utility2'))","                .requireReadme();","            break;","        }","        // export local","        local.global.local = local;","    }());","","","","    // run shared js-env code - function","    (function () {","        return;","    }());","    switch (local.modeJs) {","","","","    // run browser js-env code - function","    case 'browser':","        break;","","","","    // run node js-env code - function","    case 'node':","        break;","    }","","","","    // run shared js-env code - post-init","    (function () {","        return;","    }());","    switch (local.modeJs) {","","","","    // run browser js-env code - post-init","    case 'browser':","        local.testCase_browser_nullCase = local.testCase_browser_nullCase || function (","            options,","            onError","        ) {","        /*","         * this function will test browsers's null-case handling-behavior-behavior","         */","            onError(null, options);","        };","","        // run tests","        local.nop(local.modeTest &&","            document.querySelector('#testRunButton1') &&","            document.querySelector('#testRunButton1').click());","        break;","","","","    // run node js-env code - post-init","    /* istanbul ignore next */","    case 'node':","        local.testCase_buildApidoc_default = local.testCase_buildApidoc_default || function (","            options,","            onError","        ) {","        /*","         * this function will test buildApidoc's default handling-behavior-behavior","         */","            options = { modulePathList: module.paths };","            local.buildApidoc(options, onError);","        };","","        local.testCase_buildApp_default = local.testCase_buildApp_default || function (","            options,","            onError","        ) {","        /*","         * this function will test buildApp's default handling-behavior-behavior","         */","            local.testCase_buildReadme_default(options, local.onErrorThrow);","            local.testCase_buildLib_default(options, local.onErrorThrow);","            local.testCase_buildTest_default(options, local.onErrorThrow);","            local.testCase_buildCustomOrg_default(options, local.onErrorThrow);","            options = [];","            local.buildApp(options, onError);","        };","","        local.testCase_buildCustomOrg_default = local.testCase_buildCustomOrg_default ||","            function (options, onError) {","            /*","             * this function will test buildCustomOrg's default handling-behavior","             */","                options = {};","                local.buildCustomOrg(options, onError);","            };","","        local.testCase_buildLib_default = local.testCase_buildLib_default || function (","            options,","            onError","        ) {","        /*","         * this function will test buildLib's default handling-behavior","         */","            options = {};","            local.buildLib(options, onError);","        };","","        local.testCase_buildReadme_default = local.testCase_buildReadme_default || function (","            options,","            onError","        ) {","        /*","         * this function will test buildReadme's default handling-behavior-behavior","         */","            options = {};","            local.buildReadme(options, onError);","        };","","        local.testCase_buildTest_default = local.testCase_buildTest_default || function (","            options,","            onError","        ) {","        /*","         * this function will test buildTest's default handling-behavior","         */","            options = {};","            local.buildTest(options, onError);","        };","","        local.testCase_webpage_default = local.testCase_webpage_default || function (","            options,","            onError","        ) {","        /*","         * this function will test webpage's default handling-behavior","         */","            options = { modeCoverageMerge: true, url: local.serverLocalHost + '?modeTest=1' };","            local.browserTest(options, onError);","        };","","        // run test-server","        local.testRunServer(local);","        break;","    }","}());",""],"l":{"12":2,"14":2,"19":2,"21":2,"23":2,"24":2,"25":2,"30":1,"37":2,"40":2,"43":1,"47":1,"50":1,"52":1,"55":2,"61":2,"62":2,"64":2,"70":1,"76":1,"82":2,"83":2,"85":2,"91":1,"98":1,"102":1,"105":1,"112":1,"119":1,"120":1,"123":1,"130":1,"131":1,"132":1,"133":1,"134":1,"135":1,"138":1,"143":2,"144":2,"147":1,"154":2,"155":2,"158":1,"165":2,"166":2,"169":1,"176":2,"177":2,"180":1,"187":1,"188":1,"192":1,"193":1}},"/home/travis/build/npmtest/node-npmtest-mailchimp-api-v3/lib.npmtest_mailchimp_api_v3.js":{"path":"/home/travis/build/npmtest/node-npmtest-mailchimp-api-v3/lib.npmtest_mailchimp_api_v3.js","s":{"1":2,"2":2,"3":2,"4":2,"5":2,"6":2,"7":2,"8":1,"9":2,"10":2,"11":2,"12":2,"13":1,"14":1,"15":1,"16":1},"b":{"1":[2,1,1,1],"2":[1,1,1,1],"3":[1,1],"4":[2,2],"5":[1,1]},"f":{"1":2,"2":2,"3":2},"fnMap":{"1":{"name":"(anonymous_1)","line":12,"loc":{"start":{"line":12,"column":1},"end":{"line":12,"column":13}}},"2":{"name":"(anonymous_2)","line":19,"loc":{"start":{"line":19,"column":5},"end":{"line":19,"column":17}}},"3":{"name":"(anonymous_3)","line":23,"loc":{"start":{"line":23,"column":24},"end":{"line":23,"column":36}}}},"statementMap":{"1":{"start":{"line":12,"column":0},"end":{"line":53,"column":5}},"2":{"start":{"line":14,"column":4},"end":{"line":14,"column":14}},"3":{"start":{"line":19,"column":4},"end":{"line":52,"column":9}},"4":{"start":{"line":21,"column":8},"end":{"line":21,"column":19}},"5":{"start":{"line":23,"column":8},"end":{"line":35,"column":13}},"6":{"start":{"line":24,"column":12},"end":{"line":34,"column":13}},"7":{"start":{"line":25,"column":16},"end":{"line":28,"column":30}},"8":{"start":{"line":30,"column":16},"end":{"line":33,"column":27}},"9":{"start":{"line":37,"column":8},"end":{"line":39,"column":21}},"10":{"start":{"line":41,"column":8},"end":{"line":41,"column":54}},"11":{"start":{"line":43,"column":8},"end":{"line":43,"column":61}},"12":{"start":{"line":45,"column":8},"end":{"line":51,"column":9}},"13":{"start":{"line":46,"column":12},"end":{"line":46,"column":67}},"14":{"start":{"line":48,"column":12},"end":{"line":48,"column":35}},"15":{"start":{"line":49,"column":12},"end":{"line":49,"column":49}},"16":{"start":{"line":50,"column":12},"end":{"line":50,"column":43}}},"branchMap":{"1":{"line":25,"type":"binary-expr","locations":[{"start":{"line":25,"column":23},"end":{"line":25,"column":62}},{"start":{"line":26,"column":20},"end":{"line":26,"column":70}},{"start":{"line":27,"column":20},"end":{"line":27,"column":71}},{"start":{"line":28,"column":20},"end":{"line":28,"column":29}}]},"2":{"line":30,"type":"binary-expr","locations":[{"start":{"line":30,"column":23},"end":{"line":30,"column":37}},{"start":{"line":31,"column":20},"end":{"line":31,"column":61}},{"start":{"line":32,"column":20},"end":{"line":32,"column":70}},{"start":{"line":33,"column":20},"end":{"line":33,"column":26}}]},"3":{"line":37,"type":"cond-expr","locations":[{"start":{"line":38,"column":14},"end":{"line":38,"column":20}},{"start":{"line":39,"column":14},"end":{"line":39,"column":20}}]},"4":{"line":41,"type":"binary-expr","locations":[{"start":{"line":41,"column":16},"end":{"line":41,"column":44}},{"start":{"line":41,"column":48},"end":{"line":41,"column":53}}]},"5":{"line":45,"type":"if","locations":[{"start":{"line":45,"column":8},"end":{"line":45,"column":8}},{"start":{"line":45,"column":8},"end":{"line":45,"column":8}}]}},"code":["/* istanbul instrument in package npmtest_mailchimp_api_v3 */","/*jslint","    bitwise: true,","    browser: true,","    maxerr: 8,","    maxlen: 96,","    node: true,","    nomen: true,","    regexp: true,","    stupid: true","*/","(function () {","    'use strict';","    var local;","","","","    // run shared js-env code - pre-init","    (function () {","        // init local","        local = {};","        // init modeJs","        local.modeJs = (function () {","            try {","                return typeof navigator.userAgent === 'string' &&","                    typeof document.querySelector('body') === 'object' &&","                    typeof XMLHttpRequest.prototype.open === 'function' &&","                    'browser';","            } catch (errorCaughtBrowser) {","                return module.exports &&","                    typeof process.versions.node === 'string' &&","                    typeof require('http').createServer === 'function' &&","                    'node';","            }","        }());","        // init global","        local.global = local.modeJs === 'browser'","            ? window","            : global;","        // init utility2_rollup","        local = local.global.utility2_rollup || local;","        // init lib","        local.local = local.npmtest_mailchimp_api_v3 = local;","        // init exports","        if (local.modeJs === 'browser') {","            local.global.utility2_npmtest_mailchimp_api_v3 = local;","        } else {","            module.exports = local;","            module.exports.__dirname = __dirname;","            module.exports.module = module;","        }","    }());","}());",""],"l":{"12":2,"14":2,"19":2,"21":2,"23":2,"24":2,"25":2,"30":1,"37":2,"41":2,"43":2,"45":2,"46":1,"48":1,"49":1,"50":1}},"/home/travis/build/npmtest/node-npmtest-mailchimp-api-v3/example.js":{"path":"/home/travis/build/npmtest/node-npmtest-mailchimp-api-v3/example.js","s":{"1":2,"2":2,"3":2,"4":2,"5":2,"6":2,"7":2,"8":1,"9":2,"10":2,"11":2,"12":2,"13":1,"14":2,"15":2,"16":2,"17":2,"18":2,"19":0,"20":2,"21":1,"22":1,"23":1,"24":1,"25":1,"26":0,"27":0,"28":1,"29":1,"30":2,"31":0,"32":0,"33":0,"34":1,"35":2,"36":2,"37":3,"38":3,"39":3,"40":3,"41":0,"42":3,"43":3,"44":3,"45":1,"46":3,"47":1,"48":1,"49":1,"50":1,"51":1,"52":1,"53":1,"54":1,"55":1,"56":1,"57":0,"58":1,"59":6,"60":6,"61":1,"62":2,"63":0,"64":2,"65":1,"66":1,"67":0,"68":0,"69":0,"70":0,"71":0,"72":0,"73":0,"74":0,"75":0,"76":0,"77":0,"78":0,"79":0,"80":0,"81":0,"82":0,"83":0},"b":{"1":[2,1,1,1],"2":[1,1,1,1],"3":[1,1],"4":[2,2],"5":[1,1],"6":[1,1],"7":[2,0],"8":[2,1,1,1,1,1],"9":[0,2,0],"10":[1,1],"11":[2,1,1],"12":[1,0],"13":[0,2],"14":[2,0,0,0,0,0,0],"15":[0,3],"16":[3,0],"17":[1,1],"18":[0,1],"19":[1,2,0,2],"20":[1,0],"21":[1,1],"22":[0,0],"23":[0,0],"24":[0,0],"25":[0,0],"26":[0,0],"27":[0,0],"28":[0,0]},"f":{"1":2,"2":2,"3":2,"4":2,"5":2,"6":2,"7":3,"8":3,"9":3,"10":1,"11":6,"12":0},"fnMap":{"1":{"name":"(anonymous_1)","line":26,"loc":{"start":{"line":26,"column":1},"end":{"line":26,"column":13}}},"2":{"name":"(anonymous_2)","line":33,"loc":{"start":{"line":33,"column":5},"end":{"line":33,"column":17}}},"3":{"name":"(anonymous_3)","line":37,"loc":{"start":{"line":37,"column":24},"end":{"line":37,"column":36}}},"4":{"name":"(anonymous_4)","line":69,"loc":{"start":{"line":69,"column":31},"end":{"line":69,"column":48}},"skip":true},"5":{"name":"(anonymous_5)","line":78,"loc":{"start":{"line":78,"column":26},"end":{"line":78,"column":45}},"skip":true},"6":{"name":"(anonymous_6)","line":123,"loc":{"start":{"line":123,"column":33},"end":{"line":123,"column":48}},"skip":true},"7":{"name":"(anonymous_7)","line":125,"loc":{"start":{"line":125,"column":27},"end":{"line":125,"column":39}},"skip":true},"8":{"name":"(anonymous_8)","line":133,"loc":{"start":{"line":133,"column":59},"end":{"line":133,"column":74}},"skip":true},"9":{"name":"(anonymous_9)","line":143,"loc":{"start":{"line":143,"column":45},"end":{"line":143,"column":62}},"skip":true},"10":{"name":"(anonymous_10)","line":144,"loc":{"start":{"line":144,"column":73},"end":{"line":144,"column":92}},"skip":true},"11":{"name":"(anonymous_11)","line":272,"loc":{"start":{"line":272,"column":51},"end":{"line":272,"column":77}},"skip":true},"12":{"name":"(anonymous_12)","line":315,"loc":{"start":{"line":315,"column":32},"end":{"line":315,"column":61}},"skip":true}},"statementMap":{"1":{"start":{"line":26,"column":0},"end":{"line":326,"column":5}},"2":{"start":{"line":28,"column":4},"end":{"line":28,"column":14}},"3":{"start":{"line":33,"column":4},"end":{"line":60,"column":9}},"4":{"start":{"line":35,"column":8},"end":{"line":35,"column":19}},"5":{"start":{"line":37,"column":8},"end":{"line":49,"column":13}},"6":{"start":{"line":38,"column":12},"end":{"line":48,"column":13}},"7":{"start":{"line":39,"column":16},"end":{"line":42,"column":30}},"8":{"start":{"line":44,"column":16},"end":{"line":47,"column":27}},"9":{"start":{"line":51,"column":8},"end":{"line":53,"column":21}},"10":{"start":{"line":55,"column":8},"end":{"line":57,"column":45}},"11":{"start":{"line":59,"column":8},"end":{"line":59,"column":35}},"12":{"start":{"line":61,"column":4},"end":{"line":325,"column":5}},"13":{"start":{"line":69,"column":8},"end":{"line":121,"column":10},"skip":true},"14":{"start":{"line":70,"column":12},"end":{"line":88,"column":13},"skip":true},"15":{"start":{"line":76,"column":16},"end":{"line":87,"column":19},"skip":true},"16":{"start":{"line":79,"column":20},"end":{"line":86,"column":21},"skip":true},"17":{"start":{"line":82,"column":24},"end":{"line":82,"column":43},"skip":true},"18":{"start":{"line":83,"column":24},"end":{"line":83,"column":30},"skip":true},"19":{"start":{"line":85,"column":24},"end":{"line":85,"column":49},"skip":true},"20":{"start":{"line":89,"column":12},"end":{"line":107,"column":13},"skip":true},"21":{"start":{"line":92,"column":16},"end":{"line":102,"column":17},"skip":true},"22":{"start":{"line":93,"column":20},"end":{"line":93,"column":86},"skip":true},"23":{"start":{"line":94,"column":20},"end":{"line":95,"column":45},"skip":true},"24":{"start":{"line":96,"column":20},"end":{"line":96,"column":42},"skip":true},"25":{"start":{"line":97,"column":20},"end":{"line":97,"column":48},"skip":true},"26":{"start":{"line":100,"column":20},"end":{"line":100,"column":85},"skip":true},"27":{"start":{"line":101,"column":20},"end":{"line":101,"column":96},"skip":true},"28":{"start":{"line":103,"column":16},"end":{"line":103,"column":22},"skip":true},"29":{"start":{"line":106,"column":16},"end":{"line":106,"column":22},"skip":true},"30":{"start":{"line":108,"column":12},"end":{"line":120,"column":13},"skip":true},"31":{"start":{"line":114,"column":16},"end":{"line":119,"column":17},"skip":true},"32":{"start":{"line":116,"column":20},"end":{"line":116,"column":78},"skip":true},"33":{"start":{"line":118,"column":20},"end":{"line":118,"column":47},"skip":true},"34":{"start":{"line":123,"column":8},"end":{"line":141,"column":11},"skip":true},"35":{"start":{"line":124,"column":12},"end":{"line":124,"column":54},"skip":true},"36":{"start":{"line":125,"column":12},"end":{"line":140,"column":14},"skip":true},"37":{"start":{"line":126,"column":16},"end":{"line":126,"column":28},"skip":true},"38":{"start":{"line":127,"column":16},"end":{"line":127,"column":69},"skip":true},"39":{"start":{"line":128,"column":16},"end":{"line":128,"column":75},"skip":true},"40":{"start":{"line":129,"column":16},"end":{"line":131,"column":17},"skip":true},"41":{"start":{"line":130,"column":20},"end":{"line":130,"column":27},"skip":true},"42":{"start":{"line":133,"column":16},"end":{"line":137,"column":36},"skip":true},"43":{"start":{"line":134,"column":20},"end":{"line":136,"column":55},"skip":true},"44":{"start":{"line":139,"column":16},"end":{"line":139,"column":57},"skip":true},"45":{"start":{"line":143,"column":8},"end":{"line":147,"column":11},"skip":true},"46":{"start":{"line":144,"column":12},"end":{"line":146,"column":15},"skip":true},"47":{"start":{"line":145,"column":16},"end":{"line":145,"column":70},"skip":true},"48":{"start":{"line":149,"column":8},"end":{"line":149,"column":31},"skip":true},"49":{"start":{"line":150,"column":8},"end":{"line":150,"column":14},"skip":true},"50":{"start":{"line":158,"column":8},"end":{"line":158,"column":31},"skip":true},"51":{"start":{"line":160,"column":8},"end":{"line":160,"column":33},"skip":true},"52":{"start":{"line":161,"column":8},"end":{"line":161,"column":37},"skip":true},"53":{"start":{"line":162,"column":8},"end":{"line":162,"column":35},"skip":true},"54":{"start":{"line":164,"column":8},"end":{"line":164,"column":50},"skip":true},"55":{"start":{"line":166,"column":8},"end":{"line":256,"column":2},"skip":true},"56":{"start":{"line":258,"column":8},"end":{"line":286,"column":9},"skip":true},"57":{"start":{"line":259,"column":12},"end":{"line":269,"column":14},"skip":true},"58":{"start":{"line":271,"column":12},"end":{"line":285,"column":19},"skip":true},"59":{"start":{"line":274,"column":20},"end":{"line":274,"column":35},"skip":true},"60":{"start":{"line":275,"column":20},"end":{"line":284,"column":21},"skip":true},"61":{"start":{"line":277,"column":24},"end":{"line":277,"column":64},"skip":true},"62":{"start":{"line":279,"column":24},"end":{"line":279,"column":40},"skip":true},"63":{"start":{"line":281,"column":24},"end":{"line":281,"column":40},"skip":true},"64":{"start":{"line":283,"column":24},"end":{"line":283,"column":39},"skip":true},"65":{"start":{"line":288,"column":8},"end":{"line":290,"column":9},"skip":true},"66":{"start":{"line":289,"column":12},"end":{"line":289,"column":18},"skip":true},"67":{"start":{"line":291,"column":8},"end":{"line":293,"column":54},"skip":true},"68":{"start":{"line":296,"column":8},"end":{"line":301,"column":37},"skip":true},"69":{"start":{"line":303,"column":8},"end":{"line":303,"column":82},"skip":true},"70":{"start":{"line":306,"column":8},"end":{"line":308,"column":9},"skip":true},"71":{"start":{"line":307,"column":12},"end":{"line":307,"column":82},"skip":true},"72":{"start":{"line":310,"column":8},"end":{"line":312,"column":9},"skip":true},"73":{"start":{"line":311,"column":12},"end":{"line":311,"column":18},"skip":true},"74":{"start":{"line":313,"column":8},"end":{"line":313,"column":54},"skip":true},"75":{"start":{"line":314,"column":8},"end":{"line":314,"column":69},"skip":true},"76":{"start":{"line":315,"column":8},"end":{"line":323,"column":36},"skip":true},"77":{"start":{"line":316,"column":12},"end":{"line":316,"column":61},"skip":true},"78":{"start":{"line":317,"column":12},"end":{"line":320,"column":13},"skip":true},"79":{"start":{"line":318,"column":16},"end":{"line":318,"column":75},"skip":true},"80":{"start":{"line":319,"column":16},"end":{"line":319,"column":23},"skip":true},"81":{"start":{"line":321,"column":12},"end":{"line":321,"column":38},"skip":true},"82":{"start":{"line":322,"column":12},"end":{"line":322,"column":27},"skip":true},"83":{"start":{"line":324,"column":8},"end":{"line":324,"column":14},"skip":true}},"branchMap":{"1":{"line":39,"type":"binary-expr","locations":[{"start":{"line":39,"column":23},"end":{"line":39,"column":62}},{"start":{"line":40,"column":20},"end":{"line":40,"column":70}},{"start":{"line":41,"column":20},"end":{"line":41,"column":71}},{"start":{"line":42,"column":20},"end":{"line":42,"column":29}}]},"2":{"line":44,"type":"binary-expr","locations":[{"start":{"line":44,"column":23},"end":{"line":44,"column":37}},{"start":{"line":45,"column":20},"end":{"line":45,"column":61}},{"start":{"line":46,"column":20},"end":{"line":46,"column":70}},{"start":{"line":47,"column":20},"end":{"line":47,"column":26}}]},"3":{"line":51,"type":"cond-expr","locations":[{"start":{"line":52,"column":14},"end":{"line":52,"column":20}},{"start":{"line":53,"column":14},"end":{"line":53,"column":20}}]},"4":{"line":55,"type":"binary-expr","locations":[{"start":{"line":55,"column":16},"end":{"line":55,"column":44}},{"start":{"line":55,"column":49},"end":{"line":57,"column":43}}]},"5":{"line":55,"type":"cond-expr","locations":[{"start":{"line":56,"column":14},"end":{"line":56,"column":60}},{"start":{"line":57,"column":14},"end":{"line":57,"column":43}}]},"6":{"line":61,"type":"switch","locations":[{"start":{"line":68,"column":4},"end":{"line":150,"column":14},"skip":true},{"start":{"line":156,"column":4},"end":{"line":324,"column":14},"skip":true}]},"7":{"line":70,"type":"if","locations":[{"start":{"line":70,"column":12},"end":{"line":70,"column":12},"skip":true},{"start":{"line":70,"column":12},"end":{"line":70,"column":12},"skip":true}]},"8":{"line":70,"type":"binary-expr","locations":[{"start":{"line":70,"column":16},"end":{"line":70,"column":22},"skip":true},{"start":{"line":70,"column":27},"end":{"line":70,"column":32},"skip":true},{"start":{"line":71,"column":20},"end":{"line":71,"column":39},"skip":true},{"start":{"line":72,"column":20},"end":{"line":72,"column":49},"skip":true},{"start":{"line":73,"column":20},"end":{"line":73,"column":58},"skip":true},{"start":{"line":74,"column":20},"end":{"line":74,"column":69},"skip":true}]},"9":{"line":79,"type":"switch","locations":[{"start":{"line":80,"column":20},"end":{"line":80,"column":33},"skip":true},{"start":{"line":81,"column":20},"end":{"line":83,"column":30},"skip":true},{"start":{"line":84,"column":20},"end":{"line":85,"column":49},"skip":true}]},"10":{"line":89,"type":"switch","locations":[{"start":{"line":90,"column":12},"end":{"line":103,"column":22},"skip":true},{"start":{"line":105,"column":12},"end":{"line":106,"column":22},"skip":true}]},"11":{"line":89,"type":"binary-expr","locations":[{"start":{"line":89,"column":20},"end":{"line":89,"column":25},"skip":true},{"start":{"line":89,"column":29},"end":{"line":89,"column":48},"skip":true},{"start":{"line":89,"column":52},"end":{"line":89,"column":74},"skip":true}]},"12":{"line":92,"type":"if","locations":[{"start":{"line":92,"column":16},"end":{"line":92,"column":16},"skip":true},{"start":{"line":92,"column":16},"end":{"line":92,"column":16},"skip":true}]},"13":{"line":108,"type":"if","locations":[{"start":{"line":108,"column":12},"end":{"line":108,"column":12},"skip":true},{"start":{"line":108,"column":12},"end":{"line":108,"column":12},"skip":true}]},"14":{"line":108,"type":"binary-expr","locations":[{"start":{"line":108,"column":16},"end":{"line":108,"column":61},"skip":true},{"start":{"line":108,"column":66},"end":{"line":108,"column":72},"skip":true},{"start":{"line":108,"column":77},"end":{"line":108,"column":82},"skip":true},{"start":{"line":109,"column":20},"end":{"line":109,"column":39},"skip":true},{"start":{"line":110,"column":20},"end":{"line":110,"column":49},"skip":true},{"start":{"line":111,"column":20},"end":{"line":111,"column":58},"skip":true},{"start":{"line":112,"column":20},"end":{"line":112,"column":68},"skip":true}]},"15":{"line":129,"type":"if","locations":[{"start":{"line":129,"column":16},"end":{"line":129,"column":16},"skip":true},{"start":{"line":129,"column":16},"end":{"line":129,"column":16},"skip":true}]},"16":{"line":134,"type":"cond-expr","locations":[{"start":{"line":135,"column":26},"end":{"line":135,"column":29},"skip":true},{"start":{"line":136,"column":26},"end":{"line":136,"column":54},"skip":true}]},"17":{"line":164,"type":"binary-expr","locations":[{"start":{"line":164,"column":27},"end":{"line":164,"column":43},"skip":true},{"start":{"line":164,"column":47},"end":{"line":164,"column":49},"skip":true}]},"18":{"line":258,"type":"if","locations":[{"start":{"line":258,"column":8},"end":{"line":258,"column":8},"skip":true},{"start":{"line":258,"column":8},"end":{"line":258,"column":8},"skip":true}]},"19":{"line":275,"type":"switch","locations":[{"start":{"line":276,"column":20},"end":{"line":277,"column":64},"skip":true},{"start":{"line":278,"column":20},"end":{"line":279,"column":40},"skip":true},{"start":{"line":280,"column":20},"end":{"line":281,"column":40},"skip":true},{"start":{"line":282,"column":20},"end":{"line":283,"column":39},"skip":true}]},"20":{"line":288,"type":"if","locations":[{"start":{"line":288,"column":8},"end":{"line":288,"column":8},"skip":true},{"start":{"line":288,"column":8},"end":{"line":288,"column":8},"skip":true}]},"21":{"line":288,"type":"binary-expr","locations":[{"start":{"line":288,"column":12},"end":{"line":288,"column":40},"skip":true},{"start":{"line":288,"column":44},"end":{"line":288,"column":67},"skip":true}]},"22":{"line":292,"type":"binary-expr","locations":[{"start":{"line":292,"column":12},"end":{"line":292,"column":50},"skip":true},{"start":{"line":293,"column":12},"end":{"line":293,"column":53},"skip":true}]},"23":{"line":297,"type":"binary-expr","locations":[{"start":{"line":297,"column":12},"end":{"line":297,"column":74},"skip":true},{"start":{"line":298,"column":12},"end":{"line":301,"column":36},"skip":true}]},"24":{"line":303,"type":"binary-expr","locations":[{"start":{"line":303,"column":43},"end":{"line":303,"column":75},"skip":true},{"start":{"line":303,"column":79},"end":{"line":303,"column":81},"skip":true}]},"25":{"line":306,"type":"if","locations":[{"start":{"line":306,"column":8},"end":{"line":306,"column":8},"skip":true},{"start":{"line":306,"column":8},"end":{"line":306,"column":8},"skip":true}]},"26":{"line":310,"type":"if","locations":[{"start":{"line":310,"column":8},"end":{"line":310,"column":8},"skip":true},{"start":{"line":310,"column":8},"end":{"line":310,"column":8},"skip":true}]},"27":{"line":313,"type":"binary-expr","locations":[{"start":{"line":313,"column":27},"end":{"line":313,"column":43},"skip":true},{"start":{"line":313,"column":47},"end":{"line":313,"column":53},"skip":true}]},"28":{"line":317,"type":"if","locations":[{"start":{"line":317,"column":12},"end":{"line":317,"column":12},"skip":true},{"start":{"line":317,"column":12},"end":{"line":317,"column":12},"skip":true}]}},"code":["/*","example.js","","quickstart example","","instruction","    1. save this script as example.js","    2. run the shell command:","        $ npm install npmtest-mailchimp-api-v3 && PORT=8081 node example.js","    3. play with the browser-demo on http://127.0.0.1:8081","*/","","","","/* istanbul instrument in package npmtest_mailchimp_api_v3 */","/*jslint","    bitwise: true,","    browser: true,","    maxerr: 8,","    maxlen: 96,","    node: true,","    nomen: true,","    regexp: true,","    stupid: true","*/","(function () {","    'use strict';","    var local;","","","","    // run shared js-env code - pre-init","    (function () {","        // init local","        local = {};","        // init modeJs","        local.modeJs = (function () {","            try {","                return typeof navigator.userAgent === 'string' &&","                    typeof document.querySelector('body') === 'object' &&","                    typeof XMLHttpRequest.prototype.open === 'function' &&","                    'browser';","            } catch (errorCaughtBrowser) {","                return module.exports &&","                    typeof process.versions.node === 'string' &&","                    typeof require('http').createServer === 'function' &&","                    'node';","            }","        }());","        // init global","        local.global = local.modeJs === 'browser'","            ? window","            : global;","        // init utility2_rollup","        local = local.global.utility2_rollup || (local.modeJs === 'browser'","            ? local.global.utility2_npmtest_mailchimp_api_v3","            : global.utility2_moduleExports);","        // export local","        local.global.local = local;","    }());","    switch (local.modeJs) {","","","","    // post-init","    // run browser js-env code - post-init","    /* istanbul ignore next */","    case 'browser':","        local.testRunBrowser = function (event) {","            if (!event || (event &&","                    event.currentTarget &&","                    event.currentTarget.className &&","                    event.currentTarget.className.includes &&","                    event.currentTarget.className.includes('onreset'))) {","                // reset output","                Array.from(","                    document.querySelectorAll('body > .resettable')","                ).forEach(function (element) {","                    switch (element.tagName) {","                    case 'INPUT':","                    case 'TEXTAREA':","                        element.value = '';","                        break;","                    default:","                        element.textContent = '';","                    }","                });","            }","            switch (event && event.currentTarget && event.currentTarget.id) {","            case 'testRunButton1':","                // show tests","                if (document.querySelector('#testReportDiv1').style.display === 'none') {","                    document.querySelector('#testReportDiv1').style.display = 'block';","                    document.querySelector('#testRunButton1').textContent =","                        'hide internal test';","                    local.modeTest = true;","                    local.testRunDefault(local);","                // hide tests","                } else {","                    document.querySelector('#testReportDiv1').style.display = 'none';","                    document.querySelector('#testRunButton1').textContent = 'run internal test';","                }","                break;","            // custom-case","            default:","                break;","            }","            if (document.querySelector('#inputTextareaEval1') && (!event || (event &&","                    event.currentTarget &&","                    event.currentTarget.className &&","                    event.currentTarget.className.includes &&","                    event.currentTarget.className.includes('oneval')))) {","                // try to eval input-code","                try {","                    /*jslint evil: true*/","                    eval(document.querySelector('#inputTextareaEval1').value);","                } catch (errorCaught) {","                    console.error(errorCaught);","                }","            }","        };","        // log stderr and stdout to #outputTextareaStdout1","        ['error', 'log'].forEach(function (key) {","            console[key + '_original'] = console[key];","            console[key] = function () {","                var element;","                console[key + '_original'].apply(console, arguments);","                element = document.querySelector('#outputTextareaStdout1');","                if (!element) {","                    return;","                }","                // append text to #outputTextareaStdout1","                element.value += Array.from(arguments).map(function (arg) {","                    return typeof arg === 'string'","                        ? arg","                        : JSON.stringify(arg, null, 4);","                }).join(' ') + '\\n';","                // scroll textarea to bottom","                element.scrollTop = element.scrollHeight;","            };","        });","        // init event-handling","        ['change', 'click', 'keyup'].forEach(function (event) {","            Array.from(document.querySelectorAll('.on' + event)).forEach(function (element) {","                element.addEventListener(event, local.testRunBrowser);","            });","        });","        // run tests","        local.testRunBrowser();","        break;","","","","    // run node js-env code - post-init","    /* istanbul ignore next */","    case 'node':","        // export local","        module.exports = local;","        // require modules","        local.fs = require('fs');","        local.http = require('http');","        local.url = require('url');","        // init assets","        local.assetsDict = local.assetsDict || {};","        /* jslint-ignore-begin */","        local.assetsDict['/assets.index.template.html'] = '\\","<!doctype html>\\n\\","<html lang=\"en\">\\n\\","<head>\\n\\","<meta charset=\"UTF-8\">\\n\\","<meta name=\"viewport\" content=\"width=device-width, initial-scale=1\">\\n\\","<title>{{env.npm_package_name}} (v{{env.npm_package_version}})</title>\\n\\","<style>\\n\\","/*csslint\\n\\","    box-sizing: false,\\n\\","    universal-selector: false\\n\\","*/\\n\\","* {\\n\\","    box-sizing: border-box;\\n\\","}\\n\\","body {\\n\\","    background: #dde;\\n\\","    font-family: Arial, Helvetica, sans-serif;\\n\\","    margin: 2rem;\\n\\","}\\n\\","body > * {\\n\\","    margin-bottom: 1rem;\\n\\","}\\n\\",".utility2FooterDiv {\\n\\","    margin-top: 20px;\\n\\","    text-align: center;\\n\\","}\\n\\","</style>\\n\\","<style>\\n\\","/*csslint\\n\\","*/\\n\\","textarea {\\n\\","    font-family: monospace;\\n\\","    height: 10rem;\\n\\","    width: 100%;\\n\\","}\\n\\","textarea[readonly] {\\n\\","    background: #ddd;\\n\\","}\\n\\","</style>\\n\\","</head>\\n\\","<body>\\n\\","<!-- utility2-comment\\n\\","<div id=\"ajaxProgressDiv1\" style=\"background: #d00; height: 2px; left: 0; margin: 0; padding: 0; position: fixed; top: 0; transition: background 0.5s, width 1.5s; width: 25%;\"></div>\\n\\","utility2-comment -->\\n\\","<h1>\\n\\","<!-- utility2-comment\\n\\","    <a\\n\\","        {{#if env.npm_package_homepage}}\\n\\","        href=\"{{env.npm_package_homepage}}\"\\n\\","        {{/if env.npm_package_homepage}}\\n\\","        target=\"_blank\"\\n\\","    >\\n\\","utility2-comment -->\\n\\","        {{env.npm_package_name}} (v{{env.npm_package_version}})\\n\\","<!-- utility2-comment\\n\\","    </a>\\n\\","utility2-comment -->\\n\\","</h1>\\n\\","<h3>{{env.npm_package_description}}</h3>\\n\\","<!-- utility2-comment\\n\\","<h4><a download href=\"assets.app.js\">download standalone app</a></h4>\\n\\","<button class=\"onclick onreset\" id=\"testRunButton1\">run internal test</button><br>\\n\\","<div id=\"testReportDiv1\" style=\"display: none;\"></div>\\n\\","utility2-comment -->\\n\\","\\n\\","\\n\\","\\n\\","<label>stderr and stdout</label>\\n\\","<textarea class=\"resettable\" id=\"outputTextareaStdout1\" readonly></textarea>\\n\\","<!-- utility2-comment\\n\\","{{#if isRollup}}\\n\\","<script src=\"assets.app.js\"></script>\\n\\","{{#unless isRollup}}\\n\\","utility2-comment -->\\n\\","<script src=\"assets.utility2.rollup.js\"></script>\\n\\","<script src=\"jsonp.utility2._stateInit?callback=window.utility2._stateInit\"></script>\\n\\","<script src=\"assets.npmtest_mailchimp_api_v3.rollup.js\"></script>\\n\\","<script src=\"assets.example.js\"></script>\\n\\","<script src=\"assets.test.js\"></script>\\n\\","<!-- utility2-comment\\n\\","{{/if isRollup}}\\n\\","utility2-comment -->\\n\\","<div class=\"utility2FooterDiv\">\\n\\","    [ this app was created with\\n\\","    <a href=\"https://github.com/kaizhu256/node-utility2\" target=\"_blank\">utility2</a>\\n\\","    ]\\n\\","</div>\\n\\","</body>\\n\\","</html>\\n\\","';","        /* jslint-ignore-end */","        if (local.templateRender) {","            local.assetsDict['/'] = local.templateRender(","                local.assetsDict['/assets.index.template.html'],","                {","                    env: local.objectSetDefault(local.env, {","                        npm_package_description: 'the greatest app in the world!',","                        npm_package_name: 'my-app',","                        npm_package_nameAlias: 'my_app',","                        npm_package_version: '0.0.1'","                    })","                }","            );","        } else {","            local.assetsDict['/'] = local.assetsDict['/assets.index.template.html']","                .replace((/\\{\\{env\\.(\\w+?)\\}\\}/g), function (match0, match1) {","                    // jslint-hack","                    String(match0);","                    switch (match1) {","                    case 'npm_package_description':","                        return 'the greatest app in the world!';","                    case 'npm_package_name':","                        return 'my-app';","                    case 'npm_package_nameAlias':","                        return 'my_app';","                    case 'npm_package_version':","                        return '0.0.1';","                    }","                });","        }","        // run the cli","        if (local.global.utility2_rollup || module !== require.main) {","            break;","        }","        local.assetsDict['/assets.example.js'] =","            local.assetsDict['/assets.example.js'] ||","            local.fs.readFileSync(__filename, 'utf8');","        // bug-workaround - long $npm_package_buildCustomOrg","        /* jslint-ignore-begin */","        local.assetsDict['/assets.npmtest_mailchimp_api_v3.rollup.js'] =","            local.assetsDict['/assets.npmtest_mailchimp_api_v3.rollup.js'] ||","            local.fs.readFileSync(","                local.npmtest_mailchimp_api_v3.__dirname + '/lib.npmtest_mailchimp_api_v3.js',","                'utf8'","            ).replace((/^#!/), '//');","        /* jslint-ignore-end */","        local.assetsDict['/favicon.ico'] = local.assetsDict['/favicon.ico'] || '';","        // if $npm_config_timeout_exit exists,","        // then exit this process after $npm_config_timeout_exit ms","        if (Number(process.env.npm_config_timeout_exit)) {","            setTimeout(process.exit, Number(process.env.npm_config_timeout_exit));","        }","        // start server","        if (local.global.utility2_serverHttp1) {","            break;","        }","        process.env.PORT = process.env.PORT || '8081';","        console.error('server starting on port ' + process.env.PORT);","        local.http.createServer(function (request, response) {","            request.urlParsed = local.url.parse(request.url);","            if (local.assetsDict[request.urlParsed.pathname] !== undefined) {","                response.end(local.assetsDict[request.urlParsed.pathname]);","                return;","            }","            response.statusCode = 404;","            response.end();","        }).listen(process.env.PORT);","        break;","    }","}());",""],"l":{"26":2,"28":2,"33":2,"35":2,"37":2,"38":2,"39":2,"44":1,"51":2,"55":2,"59":2,"61":2,"69":1,"70":2,"76":2,"79":2,"82":2,"83":2,"85":1,"89":2,"92":1,"93":1,"94":1,"96":1,"97":1,"100":1,"101":1,"103":1,"106":1,"108":2,"114":1,"116":1,"118":1,"123":1,"124":2,"125":2,"126":3,"127":3,"128":3,"129":3,"130":1,"133":3,"134":3,"139":3,"143":1,"144":3,"145":1,"149":1,"150":1,"158":1,"160":1,"161":1,"162":1,"164":1,"166":1,"258":1,"259":1,"271":1,"274":6,"275":6,"277":1,"279":2,"281":1,"283":2,"288":1,"289":1,"291":1,"296":1,"303":1,"306":1,"307":1,"310":1,"311":1,"313":1,"314":1,"315":1,"316":1,"317":1,"318":1,"319":1,"321":1,"322":1,"324":1}},"/home/travis/build/npmtest/node-npmtest-mailchimp-api-v3/node_modules/mailchimp-api-v3/index.js":{"path":"/home/travis/build/npmtest/node-npmtest-mailchimp-api-v3/node_modules/mailchimp-api-v3/index.js","s":{"1":1,"2":1,"3":1,"4":0,"5":0,"6":0,"7":0,"8":0,"9":1,"10":0,"11":0,"12":0,"13":0,"14":0,"15":0,"16":0,"17":0,"18":0,"19":0,"20":0,"21":1,"22":0,"23":0,"24":0,"25":0,"26":0,"27":0,"28":0,"29":0,"30":0,"31":0,"32":0,"33":0,"34":1,"35":0,"36":0,"37":0,"38":0,"39":0,"40":0,"41":0,"42":0,"43":0,"44":0,"45":0,"46":0,"47":1,"48":0,"49":0,"50":0,"51":0,"52":0,"53":0,"54":0,"55":0,"56":0,"57":0,"58":0,"59":0,"60":1,"61":0,"62":0,"63":0,"64":0,"65":0,"66":0,"67":0,"68":0,"69":0,"70":0,"71":0,"72":0,"73":1,"74":0,"75":0,"76":0,"77":0,"78":0,"79":0,"80":1,"81":0,"82":0,"83":0,"84":0,"85":0,"86":0,"87":0,"88":0,"89":0,"90":0,"91":0,"92":0,"93":0,"94":0,"95":0,"96":0,"97":0,"98":0,"99":0,"100":0,"101":0,"102":0,"103":0,"104":0,"105":0,"106":0,"107":0,"108":0,"109":0,"110":0,"111":0,"112":0,"113":0,"114":0,"115":0,"116":0,"117":0,"118":0,"119":0,"120":1,"121":0,"122":0,"123":0,"124":0,"125":0,"126":0,"127":0,"128":0,"129":0,"130":0,"131":0,"132":0,"133":0,"134":0,"135":0,"136":0,"137":0,"138":0,"139":0,"140":0,"141":0,"142":0,"143":0,"144":0,"145":0,"146":0,"147":0,"148":0,"149":0,"150":0,"151":0,"152":0,"153":0,"154":1,"155":0,"156":0,"157":0,"158":0,"159":0,"160":0,"161":0,"162":0,"163":0,"164":0,"165":0,"166":0,"167":0,"168":0,"169":0,"170":0,"171":0,"172":0,"173":0,"174":0,"175":0,"176":0,"177":0,"178":0,"179":0,"180":0,"181":0,"182":0,"183":0,"184":0,"185":0,"186":0,"187":0,"188":0,"189":0,"190":0,"191":0,"192":0,"193":0,"194":0,"195":0,"196":0,"197":0,"198":0,"199":0,"200":0,"201":0,"202":0,"203":0,"204":0,"205":0,"206":1,"207":0,"208":0,"209":0,"210":0,"211":0,"212":0,"213":0,"214":0,"215":0,"216":0,"217":0,"218":0,"219":0,"220":0,"221":0,"222":0,"223":0,"224":0,"225":0,"226":0,"227":0,"228":0,"229":0,"230":0,"231":0,"232":0,"233":0,"234":0,"235":0,"236":0,"237":0,"238":0,"239":1},"b":{"1":[0,0],"2":[0,0],"3":[0,0],"4":[0,0],"5":[0,0],"6":[0,0],"7":[0,0],"8":[0,0],"9":[0,0],"10":[0,0],"11":[0,0],"12":[0,0],"13":[0,0],"14":[0,0],"15":[0,0],"16":[0,0],"17":[0,0],"18":[0,0],"19":[0,0],"20":[0,0],"21":[0,0],"22":[0,0],"23":[0,0],"24":[0,0],"25":[0,0],"26":[0,0],"27":[0,0],"28":[0,0],"29":[0,0],"30":[0,0],"31":[0,0],"32":[0,0],"33":[0,0],"34":[0,0],"35":[0,0],"36":[0,0],"37":[0,0],"38":[0,0],"39":[0,0],"40":[0,0],"41":[0,0],"42":[0,0],"43":[0,0],"44":[0,0],"45":[0,0],"46":[0,0],"47":[0,0],"48":[0,0],"49":[0,0],"50":[0,0],"51":[0,0],"52":[0,0],"53":[0,0],"54":[0,0],"55":[0,0],"56":[0,0],"57":[0,0],"58":[0,0],"59":[0,0,0],"60":[0,0],"61":[0,0],"62":[0,0],"63":[0,0],"64":[0,0],"65":[0,0],"66":[0,0,0],"67":[0,0],"68":[0,0],"69":[0,0],"70":[0,0],"71":[0,0],"72":[0,0],"73":[0,0],"74":[0,0],"75":[0,0],"76":[0,0],"77":[0,0],"78":[0,0],"79":[0,0],"80":[0,0]},"f":{"1":0,"2":0,"3":0,"4":0,"5":0,"6":0,"7":0,"8":0,"9":0,"10":0,"11":0,"12":0,"13":0,"14":0,"15":0,"16":0,"17":0,"18":0,"19":0,"20":0,"21":0,"22":0,"23":0,"24":0,"25":0,"26":0,"27":0,"28":0,"29":0,"30":0,"31":0,"32":0,"33":0,"34":0,"35":0,"36":0,"37":0,"38":0},"fnMap":{"1":{"name":"Mailchimp","line":17,"loc":{"start":{"line":17,"column":0},"end":{"line":17,"column":29}}},"2":{"name":"(anonymous_2)","line":29,"loc":{"start":{"line":29,"column":17},"end":{"line":29,"column":46}}},"3":{"name":"(anonymous_3)","line":47,"loc":{"start":{"line":47,"column":31},"end":{"line":47,"column":62}}},"4":{"name":"(anonymous_4)","line":55,"loc":{"start":{"line":55,"column":26},"end":{"line":55,"column":58}}},"5":{"name":"(anonymous_5)","line":81,"loc":{"start":{"line":81,"column":27},"end":{"line":81,"column":58}}},"6":{"name":"(anonymous_6)","line":107,"loc":{"start":{"line":107,"column":28},"end":{"line":107,"column":59}}},"7":{"name":"(anonymous_7)","line":133,"loc":{"start":{"line":133,"column":26},"end":{"line":133,"column":57}}},"8":{"name":"(anonymous_8)","line":159,"loc":{"start":{"line":159,"column":29},"end":{"line":159,"column":54}}},"9":{"name":"(anonymous_9)","line":172,"loc":{"start":{"line":172,"column":48},"end":{"line":172,"column":83}}},"10":{"name":"(anonymous_10)","line":174,"loc":{"start":{"line":174,"column":21},"end":{"line":174,"column":48}}},"11":{"name":"(anonymous_11)","line":181,"loc":{"start":{"line":181,"column":22},"end":{"line":181,"column":37}}},"12":{"name":"(anonymous_12)","line":188,"loc":{"start":{"line":188,"column":23},"end":{"line":188,"column":39}}},"13":{"name":"(anonymous_13)","line":192,"loc":{"start":{"line":192,"column":24},"end":{"line":192,"column":39}}},"14":{"name":"(anonymous_14)","line":198,"loc":{"start":{"line":198,"column":22},"end":{"line":198,"column":34}}},"15":{"name":"(anonymous_15)","line":207,"loc":{"start":{"line":207,"column":22},"end":{"line":207,"column":37}}},"16":{"name":"(anonymous_16)","line":212,"loc":{"start":{"line":212,"column":20},"end":{"line":212,"column":35}}},"17":{"name":"(anonymous_17)","line":216,"loc":{"start":{"line":216,"column":19},"end":{"line":216,"column":49}}},"18":{"name":"(anonymous_18)","line":231,"loc":{"start":{"line":231,"column":7},"end":{"line":231,"column":32}}},"19":{"name":"(anonymous_19)","line":245,"loc":{"start":{"line":245,"column":35},"end":{"line":245,"column":58}}},"20":{"name":"(anonymous_20)","line":263,"loc":{"start":{"line":263,"column":32},"end":{"line":263,"column":64}}},"21":{"name":"(anonymous_21)","line":294,"loc":{"start":{"line":294,"column":28},"end":{"line":294,"column":55}}},"22":{"name":"(anonymous_22)","line":295,"loc":{"start":{"line":295,"column":18},"end":{"line":295,"column":30}}},"23":{"name":"(anonymous_23)","line":297,"loc":{"start":{"line":297,"column":14},"end":{"line":297,"column":32}}},"24":{"name":"(anonymous_24)","line":315,"loc":{"start":{"line":315,"column":27},"end":{"line":315,"column":45}}},"25":{"name":"(anonymous_25)","line":329,"loc":{"start":{"line":329,"column":12},"end":{"line":329,"column":30}}},"26":{"name":"(anonymous_26)","line":332,"loc":{"start":{"line":332,"column":13},"end":{"line":332,"column":28}}},"27":{"name":"(anonymous_27)","line":341,"loc":{"start":{"line":341,"column":28},"end":{"line":341,"column":62}}},"28":{"name":"(anonymous_28)","line":388,"loc":{"start":{"line":388,"column":21},"end":{"line":388,"column":42}}},"29":{"name":"(anonymous_29)","line":420,"loc":{"start":{"line":420,"column":27},"end":{"line":420,"column":45}}},"30":{"name":"(anonymous_30)","line":427,"loc":{"start":{"line":427,"column":27},"end":{"line":427,"column":45}}},"31":{"name":"(anonymous_31)","line":433,"loc":{"start":{"line":433,"column":27},"end":{"line":433,"column":45}}},"32":{"name":"(anonymous_32)","line":445,"loc":{"start":{"line":445,"column":12},"end":{"line":445,"column":30}}},"33":{"name":"(anonymous_33)","line":448,"loc":{"start":{"line":448,"column":13},"end":{"line":448,"column":28}}},"34":{"name":"(anonymous_34)","line":460,"loc":{"start":{"line":460,"column":30},"end":{"line":460,"column":55}}},"35":{"name":"(anonymous_35)","line":462,"loc":{"start":{"line":462,"column":28},"end":{"line":462,"column":54}}},"36":{"name":"(anonymous_36)","line":498,"loc":{"start":{"line":498,"column":7},"end":{"line":498,"column":32}}},"37":{"name":"(anonymous_37)","line":521,"loc":{"start":{"line":521,"column":12},"end":{"line":521,"column":30}}},"38":{"name":"(anonymous_38)","line":524,"loc":{"start":{"line":524,"column":13},"end":{"line":524,"column":28}}}},"statementMap":{"1":{"start":{"line":3,"column":0},"end":{"line":7,"column":32}},"2":{"start":{"line":10,"column":0},"end":{"line":15,"column":3}},"3":{"start":{"line":17,"column":0},"end":{"line":27,"column":1}},"4":{"start":{"line":18,"column":2},"end":{"line":18,"column":30}},"5":{"start":{"line":20,"column":2},"end":{"line":22,"column":3}},"6":{"start":{"line":21,"column":4},"end":{"line":21,"column":61}},"7":{"start":{"line":25,"column":2},"end":{"line":25,"column":27}},"8":{"start":{"line":26,"column":2},"end":{"line":26,"column":87}},"9":{"start":{"line":29,"column":0},"end":{"line":53,"column":1}},"10":{"start":{"line":31,"column":2},"end":{"line":33,"column":3}},"11":{"start":{"line":32,"column":4},"end":{"line":32,"column":15}},"12":{"start":{"line":35,"column":2},"end":{"line":37,"column":3}},"13":{"start":{"line":36,"column":4},"end":{"line":36,"column":22}},"14":{"start":{"line":39,"column":2},"end":{"line":41,"column":3}},"15":{"start":{"line":40,"column":4},"end":{"line":40,"column":16}},"16":{"start":{"line":43,"column":2},"end":{"line":45,"column":3}},"17":{"start":{"line":44,"column":4},"end":{"line":44,"column":16}},"18":{"start":{"line":47,"column":2},"end":{"line":49,"column":10}},"19":{"start":{"line":48,"column":4},"end":{"line":48,"column":47}},"20":{"start":{"line":51,"column":2},"end":{"line":51,"column":14}},"21":{"start":{"line":55,"column":0},"end":{"line":79,"column":1}},"22":{"start":{"line":56,"column":2},"end":{"line":56,"column":35}},"23":{"start":{"line":58,"column":2},"end":{"line":62,"column":3}},"24":{"start":{"line":59,"column":4},"end":{"line":61,"column":5}},"25":{"start":{"line":63,"column":2},"end":{"line":63,"column":25}},"26":{"start":{"line":65,"column":2},"end":{"line":68,"column":3}},"27":{"start":{"line":66,"column":4},"end":{"line":66,"column":17}},"28":{"start":{"line":67,"column":4},"end":{"line":67,"column":17}},"29":{"start":{"line":70,"column":2},"end":{"line":72,"column":3}},"30":{"start":{"line":71,"column":4},"end":{"line":71,"column":79}},"31":{"start":{"line":74,"column":2},"end":{"line":76,"column":3}},"32":{"start":{"line":75,"column":4},"end":{"line":75,"column":26}},"33":{"start":{"line":78,"column":2},"end":{"line":78,"column":37}},"34":{"start":{"line":81,"column":0},"end":{"line":105,"column":1}},"35":{"start":{"line":82,"column":2},"end":{"line":82,"column":35}},"36":{"start":{"line":84,"column":2},"end":{"line":88,"column":3}},"37":{"start":{"line":85,"column":4},"end":{"line":87,"column":5}},"38":{"start":{"line":89,"column":2},"end":{"line":89,"column":26}},"39":{"start":{"line":91,"column":2},"end":{"line":94,"column":3}},"40":{"start":{"line":92,"column":4},"end":{"line":92,"column":16}},"41":{"start":{"line":93,"column":4},"end":{"line":93,"column":16}},"42":{"start":{"line":96,"column":2},"end":{"line":98,"column":3}},"43":{"start":{"line":97,"column":4},"end":{"line":97,"column":77}},"44":{"start":{"line":100,"column":2},"end":{"line":102,"column":3}},"45":{"start":{"line":101,"column":4},"end":{"line":101,"column":24}},"46":{"start":{"line":104,"column":2},"end":{"line":104,"column":37}},"47":{"start":{"line":107,"column":0},"end":{"line":131,"column":1}},"48":{"start":{"line":108,"column":2},"end":{"line":108,"column":35}},"49":{"start":{"line":110,"column":2},"end":{"line":114,"column":3}},"50":{"start":{"line":111,"column":4},"end":{"line":113,"column":5}},"51":{"start":{"line":115,"column":2},"end":{"line":115,"column":27}},"52":{"start":{"line":117,"column":2},"end":{"line":120,"column":3}},"53":{"start":{"line":118,"column":4},"end":{"line":118,"column":16}},"54":{"start":{"line":119,"column":4},"end":{"line":119,"column":16}},"55":{"start":{"line":122,"column":2},"end":{"line":124,"column":3}},"56":{"start":{"line":123,"column":4},"end":{"line":123,"column":77}},"57":{"start":{"line":126,"column":2},"end":{"line":128,"column":3}},"58":{"start":{"line":127,"column":4},"end":{"line":127,"column":24}},"59":{"start":{"line":130,"column":2},"end":{"line":130,"column":37}},"60":{"start":{"line":133,"column":0},"end":{"line":157,"column":1}},"61":{"start":{"line":134,"column":2},"end":{"line":134,"column":35}},"62":{"start":{"line":136,"column":2},"end":{"line":140,"column":3}},"63":{"start":{"line":137,"column":4},"end":{"line":139,"column":5}},"64":{"start":{"line":141,"column":2},"end":{"line":141,"column":25}},"65":{"start":{"line":143,"column":2},"end":{"line":146,"column":3}},"66":{"start":{"line":144,"column":4},"end":{"line":144,"column":16}},"67":{"start":{"line":145,"column":4},"end":{"line":145,"column":16}},"68":{"start":{"line":148,"column":2},"end":{"line":150,"column":3}},"69":{"start":{"line":149,"column":4},"end":{"line":149,"column":77}},"70":{"start":{"line":152,"column":2},"end":{"line":154,"column":3}},"71":{"start":{"line":153,"column":4},"end":{"line":153,"column":24}},"72":{"start":{"line":156,"column":2},"end":{"line":156,"column":37}},"73":{"start":{"line":159,"column":0},"end":{"line":169,"column":1}},"74":{"start":{"line":160,"column":2},"end":{"line":160,"column":26}},"75":{"start":{"line":161,"column":2},"end":{"line":161,"column":28}},"76":{"start":{"line":162,"column":2},"end":{"line":166,"column":3}},"77":{"start":{"line":163,"column":4},"end":{"line":165,"column":5}},"78":{"start":{"line":167,"column":2},"end":{"line":167,"column":28}},"79":{"start":{"line":168,"column":2},"end":{"line":168,"column":37}},"80":{"start":{"line":172,"column":0},"end":{"line":261,"column":1}},"81":{"start":{"line":174,"column":2},"end":{"line":257,"column":4}},"82":{"start":{"line":175,"column":4},"end":{"line":175,"column":46}},"83":{"start":{"line":177,"column":4},"end":{"line":177,"column":28}},"84":{"start":{"line":179,"column":4},"end":{"line":179,"column":21}},"85":{"start":{"line":181,"column":4},"end":{"line":205,"column":7}},"86":{"start":{"line":182,"column":6},"end":{"line":184,"column":7}},"87":{"start":{"line":183,"column":8},"end":{"line":183,"column":14}},"88":{"start":{"line":186,"column":6},"end":{"line":186,"column":27}},"89":{"start":{"line":188,"column":6},"end":{"line":190,"column":8}},"90":{"start":{"line":189,"column":8},"end":{"line":189,"column":39}},"91":{"start":{"line":192,"column":6},"end":{"line":196,"column":8}},"92":{"start":{"line":193,"column":8},"end":{"line":193,"column":22}},"93":{"start":{"line":194,"column":8},"end":{"line":194,"column":22}},"94":{"start":{"line":195,"column":8},"end":{"line":195,"column":31}},"95":{"start":{"line":198,"column":6},"end":{"line":204,"column":8}},"96":{"start":{"line":199,"column":8},"end":{"line":199,"column":46}},"97":{"start":{"line":207,"column":4},"end":{"line":210,"column":6}},"98":{"start":{"line":208,"column":6},"end":{"line":208,"column":20}},"99":{"start":{"line":209,"column":6},"end":{"line":209,"column":29}},"100":{"start":{"line":212,"column":4},"end":{"line":225,"column":6}},"101":{"start":{"line":213,"column":6},"end":{"line":213,"column":35}},"102":{"start":{"line":216,"column":6},"end":{"line":218,"column":8}},"103":{"start":{"line":217,"column":8},"end":{"line":217,"column":60}},"104":{"start":{"line":220,"column":6},"end":{"line":222,"column":7}},"105":{"start":{"line":221,"column":8},"end":{"line":221,"column":53}},"106":{"start":{"line":224,"column":6},"end":{"line":224,"column":22}},"107":{"start":{"line":228,"column":4},"end":{"line":255,"column":6}},"108":{"start":{"line":232,"column":6},"end":{"line":235,"column":7}},"109":{"start":{"line":233,"column":8},"end":{"line":233,"column":31}},"110":{"start":{"line":234,"column":8},"end":{"line":234,"column":15}},"111":{"start":{"line":238,"column":6},"end":{"line":241,"column":7}},"112":{"start":{"line":239,"column":8},"end":{"line":239,"column":58}},"113":{"start":{"line":240,"column":8},"end":{"line":240,"column":15}},"114":{"start":{"line":243,"column":6},"end":{"line":243,"column":42}},"115":{"start":{"line":245,"column":6},"end":{"line":253,"column":8}},"116":{"start":{"line":246,"column":8},"end":{"line":249,"column":9}},"117":{"start":{"line":247,"column":10},"end":{"line":247,"column":33}},"118":{"start":{"line":248,"column":10},"end":{"line":248,"column":17}},"119":{"start":{"line":251,"column":8},"end":{"line":251,"column":25}},"120":{"start":{"line":263,"column":0},"end":{"line":339,"column":1}},"121":{"start":{"line":264,"column":2},"end":{"line":264,"column":23}},"122":{"start":{"line":267,"column":2},"end":{"line":270,"column":3}},"123":{"start":{"line":268,"column":4},"end":{"line":268,"column":16}},"124":{"start":{"line":269,"column":4},"end":{"line":269,"column":16}},"125":{"start":{"line":272,"column":2},"end":{"line":272,"column":29}},"126":{"start":{"line":275,"column":2},"end":{"line":277,"column":3}},"127":{"start":{"line":276,"column":4},"end":{"line":276,"column":24}},"128":{"start":{"line":280,"column":2},"end":{"line":282,"column":3}},"129":{"start":{"line":281,"column":4},"end":{"line":281,"column":23}},"130":{"start":{"line":285,"column":2},"end":{"line":287,"column":3}},"131":{"start":{"line":286,"column":4},"end":{"line":286,"column":24}},"132":{"start":{"line":289,"column":2},"end":{"line":292,"column":3}},"133":{"start":{"line":294,"column":2},"end":{"line":312,"column":4}},"134":{"start":{"line":295,"column":4},"end":{"line":309,"column":5}},"135":{"start":{"line":296,"column":6},"end":{"line":308,"column":16}},"136":{"start":{"line":298,"column":10},"end":{"line":300,"column":11}},"137":{"start":{"line":299,"column":12},"end":{"line":299,"column":115}},"138":{"start":{"line":301,"column":10},"end":{"line":304,"column":11}},"139":{"start":{"line":302,"column":12},"end":{"line":302,"column":28}},"140":{"start":{"line":303,"column":12},"end":{"line":303,"column":19}},"141":{"start":{"line":306,"column":10},"end":{"line":306,"column":45}},"142":{"start":{"line":311,"column":4},"end":{"line":311,"column":14}},"143":{"start":{"line":314,"column":2},"end":{"line":324,"column":3}},"144":{"start":{"line":315,"column":4},"end":{"line":323,"column":6}},"145":{"start":{"line":318,"column":6},"end":{"line":320,"column":7}},"146":{"start":{"line":319,"column":8},"end":{"line":319,"column":18}},"147":{"start":{"line":322,"column":6},"end":{"line":322,"column":80}},"148":{"start":{"line":327,"column":2},"end":{"line":336,"column":3}},"149":{"start":{"line":328,"column":4},"end":{"line":334,"column":8}},"150":{"start":{"line":330,"column":8},"end":{"line":330,"column":26}},"151":{"start":{"line":333,"column":8},"end":{"line":333,"column":18}},"152":{"start":{"line":335,"column":4},"end":{"line":335,"column":16}},"153":{"start":{"line":338,"column":2},"end":{"line":338,"column":16}},"154":{"start":{"line":341,"column":0},"end":{"line":458,"column":1}},"155":{"start":{"line":342,"column":2},"end":{"line":342,"column":23}},"156":{"start":{"line":345,"column":2},"end":{"line":348,"column":3}},"157":{"start":{"line":346,"column":4},"end":{"line":346,"column":16}},"158":{"start":{"line":347,"column":4},"end":{"line":347,"column":16}},"159":{"start":{"line":350,"column":2},"end":{"line":350,"column":29}},"160":{"start":{"line":357,"column":2},"end":{"line":357,"column":29}},"161":{"start":{"line":358,"column":2},"end":{"line":361,"column":3}},"162":{"start":{"line":359,"column":4},"end":{"line":359,"column":29}},"163":{"start":{"line":360,"column":4},"end":{"line":360,"column":26}},"164":{"start":{"line":364,"column":2},"end":{"line":366,"column":3}},"165":{"start":{"line":365,"column":4},"end":{"line":365,"column":21}},"166":{"start":{"line":369,"column":2},"end":{"line":371,"column":3}},"167":{"start":{"line":370,"column":4},"end":{"line":370,"column":23}},"168":{"start":{"line":374,"column":2},"end":{"line":376,"column":3}},"169":{"start":{"line":375,"column":4},"end":{"line":375,"column":24}},"170":{"start":{"line":381,"column":2},"end":{"line":383,"column":3}},"171":{"start":{"line":382,"column":4},"end":{"line":382,"column":31}},"172":{"start":{"line":386,"column":2},"end":{"line":386,"column":23}},"173":{"start":{"line":387,"column":2},"end":{"line":387,"column":13}},"174":{"start":{"line":388,"column":2},"end":{"line":408,"column":4}},"175":{"start":{"line":389,"column":4},"end":{"line":389,"column":40}},"176":{"start":{"line":390,"column":4},"end":{"line":390,"column":44}},"177":{"start":{"line":391,"column":4},"end":{"line":393,"column":5}},"178":{"start":{"line":392,"column":6},"end":{"line":392,"column":56}},"179":{"start":{"line":394,"column":4},"end":{"line":394,"column":74}},"180":{"start":{"line":397,"column":4},"end":{"line":399,"column":5}},"181":{"start":{"line":398,"column":6},"end":{"line":398,"column":58}},"182":{"start":{"line":401,"column":4},"end":{"line":404,"column":5}},"183":{"start":{"line":402,"column":6},"end":{"line":402,"column":75}},"184":{"start":{"line":403,"column":6},"end":{"line":403,"column":29}},"185":{"start":{"line":406,"column":4},"end":{"line":406,"column":33}},"186":{"start":{"line":407,"column":4},"end":{"line":407,"column":9}},"187":{"start":{"line":410,"column":2},"end":{"line":416,"column":4}},"188":{"start":{"line":419,"column":2},"end":{"line":424,"column":3}},"189":{"start":{"line":420,"column":4},"end":{"line":423,"column":6}},"190":{"start":{"line":421,"column":6},"end":{"line":421,"column":55}},"191":{"start":{"line":422,"column":6},"end":{"line":422,"column":19}},"192":{"start":{"line":426,"column":2},"end":{"line":430,"column":3}},"193":{"start":{"line":427,"column":4},"end":{"line":429,"column":6}},"194":{"start":{"line":428,"column":6},"end":{"line":428,"column":49}},"195":{"start":{"line":432,"column":2},"end":{"line":439,"column":3}},"196":{"start":{"line":433,"column":4},"end":{"line":438,"column":6}},"197":{"start":{"line":434,"column":6},"end":{"line":436,"column":7}},"198":{"start":{"line":435,"column":8},"end":{"line":435,"column":27}},"199":{"start":{"line":437,"column":6},"end":{"line":437,"column":19}},"200":{"start":{"line":443,"column":2},"end":{"line":452,"column":3}},"201":{"start":{"line":444,"column":4},"end":{"line":450,"column":8}},"202":{"start":{"line":446,"column":8},"end":{"line":446,"column":26}},"203":{"start":{"line":449,"column":8},"end":{"line":449,"column":18}},"204":{"start":{"line":451,"column":4},"end":{"line":451,"column":16}},"205":{"start":{"line":454,"column":2},"end":{"line":454,"column":16}},"206":{"start":{"line":460,"column":0},"end":{"line":531,"column":1}},"207":{"start":{"line":461,"column":2},"end":{"line":461,"column":23}},"208":{"start":{"line":462,"column":2},"end":{"line":516,"column":4}},"209":{"start":{"line":463,"column":4},"end":{"line":466,"column":5}},"210":{"start":{"line":464,"column":6},"end":{"line":464,"column":52}},"211":{"start":{"line":465,"column":6},"end":{"line":465,"column":13}},"212":{"start":{"line":468,"column":4},"end":{"line":468,"column":61}},"213":{"start":{"line":469,"column":4},"end":{"line":469,"column":41}},"214":{"start":{"line":470,"column":4},"end":{"line":470,"column":34}},"215":{"start":{"line":471,"column":4},"end":{"line":471,"column":32}},"216":{"start":{"line":472,"column":4},"end":{"line":472,"column":30}},"217":{"start":{"line":475,"column":4},"end":{"line":479,"column":5}},"218":{"start":{"line":476,"column":6},"end":{"line":478,"column":7}},"219":{"start":{"line":477,"column":8},"end":{"line":477,"column":23}},"220":{"start":{"line":481,"column":4},"end":{"line":484,"column":5}},"221":{"start":{"line":482,"column":6},"end":{"line":482,"column":40}},"222":{"start":{"line":483,"column":6},"end":{"line":483,"column":13}},"223":{"start":{"line":486,"column":4},"end":{"line":514,"column":6}},"224":{"start":{"line":500,"column":6},"end":{"line":503,"column":7}},"225":{"start":{"line":501,"column":8},"end":{"line":501,"column":30}},"226":{"start":{"line":502,"column":8},"end":{"line":502,"column":15}},"227":{"start":{"line":505,"column":6},"end":{"line":508,"column":7}},"228":{"start":{"line":506,"column":8},"end":{"line":506,"column":78}},"229":{"start":{"line":507,"column":8},"end":{"line":507,"column":15}},"230":{"start":{"line":510,"column":6},"end":{"line":510,"column":39}},"231":{"start":{"line":511,"column":6},"end":{"line":511,"column":46}},"232":{"start":{"line":513,"column":6},"end":{"line":513,"column":21}},"233":{"start":{"line":519,"column":2},"end":{"line":528,"column":3}},"234":{"start":{"line":520,"column":4},"end":{"line":526,"column":8}},"235":{"start":{"line":522,"column":8},"end":{"line":522,"column":26}},"236":{"start":{"line":525,"column":8},"end":{"line":525,"column":18}},"237":{"start":{"line":527,"column":4},"end":{"line":527,"column":16}},"238":{"start":{"line":530,"column":2},"end":{"line":530,"column":16}},"239":{"start":{"line":534,"column":0},"end":{"line":534,"column":37}}},"branchMap":{"1":{"line":20,"type":"if","locations":[{"start":{"line":20,"column":2},"end":{"line":20,"column":2}},{"start":{"line":20,"column":2},"end":{"line":20,"column":2}}]},"2":{"line":31,"type":"if","locations":[{"start":{"line":31,"column":2},"end":{"line":31,"column":2}},{"start":{"line":31,"column":2},"end":{"line":31,"column":2}}]},"3":{"line":35,"type":"if","locations":[{"start":{"line":35,"column":2},"end":{"line":35,"column":2}},{"start":{"line":35,"column":2},"end":{"line":35,"column":2}}]},"4":{"line":39,"type":"if","locations":[{"start":{"line":39,"column":2},"end":{"line":39,"column":2}},{"start":{"line":39,"column":2},"end":{"line":39,"column":2}}]},"5":{"line":43,"type":"if","locations":[{"start":{"line":43,"column":2},"end":{"line":43,"column":2}},{"start":{"line":43,"column":2},"end":{"line":43,"column":2}}]},"6":{"line":56,"type":"binary-expr","locations":[{"start":{"line":56,"column":12},"end":{"line":56,"column":28}},{"start":{"line":56,"column":32},"end":{"line":56,"column":34}}]},"7":{"line":58,"type":"if","locations":[{"start":{"line":58,"column":2},"end":{"line":58,"column":2}},{"start":{"line":58,"column":2},"end":{"line":58,"column":2}}]},"8":{"line":65,"type":"if","locations":[{"start":{"line":65,"column":2},"end":{"line":65,"column":2}},{"start":{"line":65,"column":2},"end":{"line":65,"column":2}}]},"9":{"line":65,"type":"binary-expr","locations":[{"start":{"line":65,"column":6},"end":{"line":65,"column":11}},{"start":{"line":65,"column":15},"end":{"line":65,"column":34}}]},"10":{"line":70,"type":"if","locations":[{"start":{"line":70,"column":2},"end":{"line":70,"column":2}},{"start":{"line":70,"column":2},"end":{"line":70,"column":2}}]},"11":{"line":70,"type":"binary-expr","locations":[{"start":{"line":70,"column":6},"end":{"line":70,"column":11}},{"start":{"line":70,"column":15},"end":{"line":70,"column":28}}]},"12":{"line":74,"type":"if","locations":[{"start":{"line":74,"column":2},"end":{"line":74,"column":2}},{"start":{"line":74,"column":2},"end":{"line":74,"column":2}}]},"13":{"line":82,"type":"binary-expr","locations":[{"start":{"line":82,"column":12},"end":{"line":82,"column":28}},{"start":{"line":82,"column":32},"end":{"line":82,"column":34}}]},"14":{"line":84,"type":"if","locations":[{"start":{"line":84,"column":2},"end":{"line":84,"column":2}},{"start":{"line":84,"column":2},"end":{"line":84,"column":2}}]},"15":{"line":91,"type":"if","locations":[{"start":{"line":91,"column":2},"end":{"line":91,"column":2}},{"start":{"line":91,"column":2},"end":{"line":91,"column":2}}]},"16":{"line":91,"type":"binary-expr","locations":[{"start":{"line":91,"column":6},"end":{"line":91,"column":11}},{"start":{"line":91,"column":15},"end":{"line":91,"column":33}}]},"17":{"line":96,"type":"if","locations":[{"start":{"line":96,"column":2},"end":{"line":96,"column":2}},{"start":{"line":96,"column":2},"end":{"line":96,"column":2}}]},"18":{"line":96,"type":"binary-expr","locations":[{"start":{"line":96,"column":6},"end":{"line":96,"column":10}},{"start":{"line":96,"column":14},"end":{"line":96,"column":26}}]},"19":{"line":100,"type":"if","locations":[{"start":{"line":100,"column":2},"end":{"line":100,"column":2}},{"start":{"line":100,"column":2},"end":{"line":100,"column":2}}]},"20":{"line":108,"type":"binary-expr","locations":[{"start":{"line":108,"column":12},"end":{"line":108,"column":28}},{"start":{"line":108,"column":32},"end":{"line":108,"column":34}}]},"21":{"line":110,"type":"if","locations":[{"start":{"line":110,"column":2},"end":{"line":110,"column":2}},{"start":{"line":110,"column":2},"end":{"line":110,"column":2}}]},"22":{"line":117,"type":"if","locations":[{"start":{"line":117,"column":2},"end":{"line":117,"column":2}},{"start":{"line":117,"column":2},"end":{"line":117,"column":2}}]},"23":{"line":117,"type":"binary-expr","locations":[{"start":{"line":117,"column":6},"end":{"line":117,"column":11}},{"start":{"line":117,"column":15},"end":{"line":117,"column":33}}]},"24":{"line":122,"type":"if","locations":[{"start":{"line":122,"column":2},"end":{"line":122,"column":2}},{"start":{"line":122,"column":2},"end":{"line":122,"column":2}}]},"25":{"line":122,"type":"binary-expr","locations":[{"start":{"line":122,"column":6},"end":{"line":122,"column":10}},{"start":{"line":122,"column":14},"end":{"line":122,"column":26}}]},"26":{"line":126,"type":"if","locations":[{"start":{"line":126,"column":2},"end":{"line":126,"column":2}},{"start":{"line":126,"column":2},"end":{"line":126,"column":2}}]},"27":{"line":134,"type":"binary-expr","locations":[{"start":{"line":134,"column":12},"end":{"line":134,"column":28}},{"start":{"line":134,"column":32},"end":{"line":134,"column":34}}]},"28":{"line":136,"type":"if","locations":[{"start":{"line":136,"column":2},"end":{"line":136,"column":2}},{"start":{"line":136,"column":2},"end":{"line":136,"column":2}}]},"29":{"line":143,"type":"if","locations":[{"start":{"line":143,"column":2},"end":{"line":143,"column":2}},{"start":{"line":143,"column":2},"end":{"line":143,"column":2}}]},"30":{"line":143,"type":"binary-expr","locations":[{"start":{"line":143,"column":6},"end":{"line":143,"column":11}},{"start":{"line":143,"column":15},"end":{"line":143,"column":33}}]},"31":{"line":148,"type":"if","locations":[{"start":{"line":148,"column":2},"end":{"line":148,"column":2}},{"start":{"line":148,"column":2},"end":{"line":148,"column":2}}]},"32":{"line":148,"type":"binary-expr","locations":[{"start":{"line":148,"column":6},"end":{"line":148,"column":10}},{"start":{"line":148,"column":14},"end":{"line":148,"column":26}}]},"33":{"line":152,"type":"if","locations":[{"start":{"line":152,"column":2},"end":{"line":152,"col
[...]
{"start":{"line":301,"column":10},"end":{"line":301,"column":10}}]},"48":{"line":314,"type":"if","locations":[{"start":{"line":314,"column":2},"end":{"line":314,"column":2}},{"start":{"line":314,"column":2},"end":{"line":314,"column":2}}]},"49":{"line":318,"type":"if","locations":[{"start":{"line":318,"column":6},"end":{"line":318,"column":6}},{"start":{"line":318,"column":6},"end":{"line":318,"column":6}}]},"50":{"line":327,"type":"if","locations":[{"start":{"line":327,"column":2},"end":{"line":327,"column":2}},{"start":{"line":327,"column":2},"end":{"line":327,"column":2}}]},"51":{"line":345,"type":"if","locations":[{"start":{"line":345,"column":2},"end":{"line":345,"column":2}},{"start":{"line":345,"column":2},"end":{"line":345,"column":2}}]},"52":{"line":345,"type":"binary-expr","locations":[{"start":{"line":345,"column":6},"end":{"line":345,"column":11}},{"start":{"line":345,"column":15},"end":{"line":345,"column":34}}]},"53":{"line":350,"type":"binary-expr","locations":[{"start":{"line":350,"column":9},"end":{"line":350,"column":22}},{"start":{"line":350,"column":26},"end":{"line":350,"column":28}}]},"54":{"line":358,"type":"if","locations":[{"start":{"line":358,"column":2},"end":{"line":358,"column":2}},{"start":{"line":358,"column":2},"end":{"line":358,"column":2}}]},"55":{"line":364,"type":"if","locations":[{"start":{"line":364,"column":2},"end":{"line":364,"column":2}},{"start":{"line":364,"column":2},"end":{"line":364,"column":2}}]},"56":{"line":369,"type":"if","locations":[{"start":{"line":369,"column":2},"end":{"line":369,"column":2}},{"start":{"line":369,"column":2},"end":{"line":369,"column":2}}]},"57":{"line":374,"type":"if","locations":[{"start":{"line":374,"column":2},"end":{"line":374,"column":2}},{"start":{"line":374,"column":2},"end":{"line":374,"column":2}}]},"58":{"line":381,"type":"if","locations":[{"start":{"line":381,"column":2},"end":{"line":381,"column":2}},{"start":{"line":381,"column":2},"end":{"line":381,"column":2}}]},"59":{"line":381,"type":"binary-expr","locations":[{"start":{"line":381,"column":6},"end":{"line":381,"column":28}},{"start":{"line":381,"column":32},"end":{"line":381,"column":41}},{"start":{"line":381,"column":45},"end":{"line":381,"column":56}}]},"60":{"line":391,"type":"if","locations":[{"start":{"line":391,"column":4},"end":{"line":391,"column":4}},{"start":{"line":391,"column":4},"end":{"line":391,"column":4}}]},"61":{"line":397,"type":"if","locations":[{"start":{"line":397,"column":4},"end":{"line":397,"column":4}},{"start":{"line":397,"column":4},"end":{"line":397,"column":4}}]},"62":{"line":401,"type":"if","locations":[{"start":{"line":401,"column":4},"end":{"line":401,"column":4}},{"start":{"line":401,"column":4},"end":{"line":401,"column":4}}]},"63":{"line":419,"type":"if","locations":[{"start":{"line":419,"column":2},"end":{"line":419,"column":2}},{"start":{"line":419,"column":2},"end":{"line":419,"column":2}}]},"64":{"line":426,"type":"if","locations":[{"start":{"line":426,"column":2},"end":{"line":426,"column":2}},{"start":{"line":426,"column":2},"end":{"line":426,"column":2}}]},"65":{"line":432,"type":"if","locations":[{"start":{"line":432,"column":2},"end":{"line":432,"column":2}},{"start":{"line":432,"column":2},"end":{"line":432,"column":2}}]},"66":{"line":432,"type":"binary-expr","locations":[{"start":{"line":432,"column":6},"end":{"line":432,"column":15}},{"start":{"line":432,"column":19},"end":{"line":432,"column":30}},{"start":{"line":432,"column":34},"end":{"line":432,"column":48}}]},"67":{"line":434,"type":"if","locations":[{"start":{"line":434,"column":6},"end":{"line":434,"column":6}},{"start":{"line":434,"column":6},"end":{"line":434,"column":6}}]},"68":{"line":443,"type":"if","locations":[{"start":{"line":443,"column":2},"end":{"line":443,"column":2}},{"start":{"line":443,"column":2},"end":{"line":443,"column":2}}]},"69":{"line":463,"type":"if","locations":[{"start":{"line":463,"column":4},"end":{"line":463,"column":4}},{"start":{"line":463,"column":4},"end":{"line":463,"column":4}}]},"70":{"line":469,"type":"binary-expr","locations":[{"start":{"line":469,"column":17},"end":{"line":469,"column":31}},{"start":{"line":469,"column":35},"end":{"line":469,"column":40}}]},"71":{"line":470,"type":"binary-expr","locations":[{"start":{"line":470,"column":15},"end":{"line":470,"column":27}},{"start":{"line":470,"column":31},"end":{"line":470,"column":33}}]},"72":{"line":475,"type":"if","locations":[{"start":{"line":475,"column":4},"end":{"line":475,"column":4}},{"start":{"line":475,"column":4},"end":{"line":475,"column":4}}]},"73":{"line":476,"type":"if","locations":[{"start":{"line":476,"column":6},"end":{"line":476,"column":6}},{"start":{"line":476,"column":6},"end":{"line":476,"column":6}}]},"74":{"line":481,"type":"if","locations":[{"start":{"line":481,"column":4},"end":{"line":481,"column":4}},{"start":{"line":481,"column":4},"end":{"line":481,"column":4}}]},"75":{"line":481,"type":"binary-expr","locations":[{"start":{"line":481,"column":8},"end":{"line":481,"column":13}},{"start":{"line":481,"column":17},"end":{"line":481,"column":34}}]},"76":{"line":500,"type":"if","locations":[{"start":{"line":500,"column":6},"end":{"line":500,"column":6}},{"start":{"line":500,"column":6},"end":{"line":500,"column":6}}]},"77":{"line":505,"type":"if","locations":[{"start":{"line":505,"column":6},"end":{"line":505,"column":6}},{"start":{"line":505,"column":6},"end":{"line":505,"column":6}}]},"78":{"line":505,"type":"binary-expr","locations":[{"start":{"line":505,"column":10},"end":{"line":505,"column":35}},{"start":{"line":505,"column":39},"end":{"line":505,"column":64}}]},"79":{"line":510,"type":"binary-expr","locations":[{"start":{"line":510,"column":19},"end":{"line":510,"column":32}},{"start":{"line":510,"column":36},"end":{"line":510,"column":38}}]},"80":{"line":519,"type":"if","locations":[{"start":{"line":519,"column":2},"end":{"line":519,"column":2}},{"start":{"line":519,"column":2},"end":{"line":519,"column":2}}]}},"code":["\"use strict\";","","var request = require('request'),","    tar   = require('tar'),","    zlib    = require('zlib'),","    Promise = require(\"bluebird\"),","    _       = require('lodash');","","","Promise.config({","    // Enables all warnings except forgotten return statements.","    warnings: {","        wForgottenReturn: false","    }","});","","function Mailchimp (api_key) {","  var api_key_regex = /.+\\-.+/","","  if (!api_key_regex.test(api_key)) {","    throw new Error('missing or invalid api key: ' + api_key)","  }","","","  this.__api_key = api_key;","  this.__base_url = \"https://\"+ this.__api_key.split('-')[1] + \".api.mailchimp.com/3.0\"","}","","var formatPath = function (path, path_params) {","","  if (!path) {","    path = '/';","  }","","  if (path[0] != '/') {","    path = '/' + path;","  }","","  if (!path_params) {","    return path;","  }","","  if (_.isEmpty(path_params)) {","    return path;","  }","","  path = _.reduce(path_params, function (_path, value, param) {","    return _path.replace('{'+param+'}', value);","  }, path)","  ","  return path;","","}","","Mailchimp.prototype.get = function (options, query, done) {","  options = _.clone(options) || {};","","  if (_.isString(options)) {","    options = {","      path : options,","    }","  }","  options.method = 'get';","","  if (!done && _.isFunction(query)) {","    done = query;","    query = null;","  }","","  if (query && options.query) {","    console.warn('query set on request options overwritten by argument query');","  }","","  if (query) {","    options.query = query;","  }","","  return this.request(options, done);","}","","Mailchimp.prototype.post = function (options, body, done) {","  options = _.clone(options) || {};","","  if (_.isString(options)) {","    options = {","      path : options,","    }","  }","  options.method = 'post';","","  if (!done && _.isFunction(body)) {","    done = body;","    body = null;","  }","","  if (body && options.body) {","    console.warn('body set on request options overwritten by argument body');","  }","","  if (body) {","    options.body = body;","  }","","  return this.request(options, done);","}","","Mailchimp.prototype.patch = function (options, body, done) {","  options = _.clone(options) || {};","","  if (_.isString(options)) {","    options = {","      path : options,","    }","  }","  options.method = 'patch';","","  if (!done && _.isFunction(body)) {","    done = body;","    body = null;","  }","","  if (body && options.body) {","    console.warn('body set on request options overwritten by argument body');","  }","","  if (body) {","    options.body = body;","  }","","  return this.request(options, done);","}","","Mailchimp.prototype.put = function (options, body, done) {","  options = _.clone(options) || {};","","  if (_.isString(options)) {","    options = {","      path : options,","    }","  }","  options.method = 'put';","","  if (!done && _.isFunction(body)) {","    done = body;","    body = null;","  }","","  if (body && options.body) {","    console.warn('body set on request options overwritten by argument body');","  }","","  if (body) {","    options.body = body;","  }","","  return this.request(options, done);","}","","Mailchimp.prototype.delete = function (options, done) {","  options = options || {};","  options = _.clone(options)","  if (_.isString(options)) {","    options = {","      path : options,","    }","  }","  options.method = 'delete';","  return this.request(options, done);","}","","","Mailchimp.prototype._getAndUnpackBatchResults = function (response_body_url, opts) {","","  return new Promise(function (resolve, reject) {","    var read = request.get(response_body_url);","","    var parse = tar.Parse();","","    var results = [];","","    parse.on('entry', function(entry){","      if (!entry.path.match(/\\.json/)){","        return","      }","","      var result_json = '';","","      entry.on('data', function (data) {","        result_json += data.toString();","      })","","      entry.on('error', function (err) {","        parse.close();","        entry.close();","        reject(new Error(err));","      })","","      entry.on('end', function () {","        results.push(JSON.parse(result_json));","","        ","","        ","      })","    });","","    parse.on('error', function (err) {","      parse.close();","      reject(new Error(err));","    })","","    parse.on('end', function (res) {","      results = _.flatten(results);","      ","      //TODO: implement linear sort uding operation id is linear from 0 to length-1","      results.sort(function (result_a, result_b) {","        return result_a.operation_id - result_b.operation_id","      })","","      for (var i = 0; i < results.length; i++) {","        results[i] = JSON.parse(results[i].response);","      };","","      resolve(results)","    })","","","    request.get({","      url : response_body_url,","      encoding : null","    }, function (err, response) {","      if (err) {","        reject(new Error(err));","        return;","      }","      ","","      if (response.statusCode != 200) {","        reject(Object.assign(new Error(), response.body));","        return;","      }","","      var response_buffer = response.body;","","      zlib.gunzip(response_buffer, function (err, result) {","        if (err) {","          reject(new Error(err));","          return;","        }","","        parse.end(result)","","      })","","    })","","  })","","","  ","}","","Mailchimp.prototype.batchWait = function (batch_id, done, opts) {","  var mailchimp = this; ","","  //If done is not a function, and no opts are given, second argument is the opts","  if (!opts && !_.isFunction(done)) {","    opts = done;","    done = null;","  }","","  opts = _.clone(opts) || {};","","","  if (!opts.interval) {","    opts.interval = 2000","  }","  ","  //default unpack to true","  if (opts.unpack !== false) {","    opts.unpack = true;","  }","","  //default verbose to true","  if (opts.verbose !== false) {","    opts.verbose = true;","  }","","  var options = {","    method : 'get',","    path : '/batches/' + batch_id","  }","","  var promise = new Promise(function (resolve, reject) {","    var request = function () {","      mailchimp.request(options)","        .then(function (result) {","          if (opts.verbose) {","            console.log('batch status:', result.status, result.finished_operations + '/' + result.total_operations)","          }","          if (result.status == 'finished') {","            resolve(result);","            return;","          }","","          setTimeout(request, opts.interval);","","      }, reject)","    }","","    request();","  })","","  if (opts.unpack) {","    promise = promise.then(function (result) {","","      //in case the batch was empty, there is nothing to unpack (should no longer be hit)","      if (result.total_operations == 0) {","        return [];","      }","","      return mailchimp._getAndUnpackBatchResults(result.response_body_url, opts)","    })","  }","","  //If a callback is used, resolve it and don't return the promise","  if (done) {","    promise","      .then(function (result) {","        done(null, result)","      })","      .catch(function (err) {","        done(err);","      })","    return null;","  }","","  return promise","}","","Mailchimp.prototype.batch = function (operations, done, opts) {","  var mailchimp = this;","","  //If done is not a function, and no opts are given, second argument is the opts","  if (!opts && !_.isFunction(done)) {","    opts = done;","    done = null;","  }","","  opts = _.clone(opts) || {};","","","  //TODO: Validate arguments and reject errors","","  //If the batch call does not get an operation, but a single normal call, return the result instead of a length 1 array","  //This is useful for large get requests, like all subscribers of a list without paging","  var should_unarray = false;","  if (!_.isArray(operations)) {","    operations = [operations]","    should_unarray = true;","  }","","  //default wait to true","  if (opts.wait !== false) {","    opts.wait = true;","  }","","  //default unpack to true","  if (opts.unpack !== false) {","    opts.unpack = true;","  }","","  //default verbose to true","  if (opts.verbose !== false) {","    opts.verbose = true;","  }","","","  //handle special case of empty batch with unpack.","  //empty batches without unpack are still sent to mailchimp to get consistent responses from mailchimp","  if (operations.length == 0 && opts.wait && opts.unpack) {","    return Promise.resolve([]);","  }","","","  var _operations = [];","  var id = 0;","  _.each(operations, function (operation) {","    var _operation = _.clone(operation);","    _operation.operation_id = id.toString();","    if (_operation.body) {","      _operation.body = JSON.stringify(_operation.body);","    }","    _operation.path = formatPath(_operation.path, _operation.path_params);","","","    if (_operation.method) {","      _operation.method = _operation.method.toUpperCase();","    }","","    if (_operation.query) {","      _operation.params = _.assign({},_operation.query, _operation.params);","      delete _operation.query","    }","","    _operations.push(_operation);","    id++;","  })","","  var promise = mailchimp.request({","    method : 'post',","    path : '/batches',","    body : {","      operations : _operations  ","    }","  })","","","  if (opts.verbose) {","    promise = promise.then(function (result) {","      console.log('Batch started with id:', result.id);","      return result","    })","  }","","  if (opts.wait) {","    promise = promise.then(function (result) {","      return mailchimp.batchWait(result.id, opts)","    })","  }","","  if (opts.wait && opts.unpack && should_unarray) {","    promise = promise.then(function (result) {","      if (result.length == 1) {","        result = result[0];","      }","      return result","    })","  }","","","  //If a callback is used, resolve it and don't return the promise","  if (done) {","    promise","      .then(function (result) {","        done(null, result)","      })","      .catch(function (err) {","        done(err);","      })","    return null;","  }","","  return promise","","  ","","}","","Mailchimp.prototype.request = function (options, done) {","  var mailchimp = this;","  var promise = new Promise(function(resolve, reject) {","    if (!options) {","      reject(new Error(\"No request options given\"));","      return;","    }","","    var path = formatPath(options.path, options.path_params);","    var method = options.method || 'get';","    var body = options.body || {};","    var params = options.params;","    var query = options.query;","","    //Parems used to refer to query parameters, because of the mailchimp documentation.","    if (params) {","      if (!query) {","        query = params;","      }","    }","","    if (!path || !_.isString(path)) {","      reject(new Error('No path given'))","      return;","    }","","    request({","      method : method,","      url : mailchimp.__base_url + path,","      auth : {","        user : 'any',","        password : mailchimp.__api_key","      },","      json : body,","      qs : query,","      headers : {","        'User-Agent' : 'mailchimp-api-v3 : https://github.com/thorning/node-mailchimp'","      }","    }, function (err, response) {","","      if (err) {","        reject(new Error(err))","        return;","      }","","      if (response.statusCode < 200 || response.statusCode > 299) {","        reject(Object.assign(new Error(response.body.detail), response.body));","        return;","      }","","      var result = response.body || {};","      result.statusCode = response.statusCode;","","      resolve(result)","    })","","  })","","  //If a callback is used, resolve it and don't return the promise","  if (done) {","    promise","      .then(function (result) {","        done(null, result)","      })","      .catch(function (err) {","        done(err);","      })","    return null;","  }","","  return promise","}","","","module.exports = exports = Mailchimp;",""],"l":{"3":1,"10":1,"17":1,"18":0,"20":0,"21":0,"25":0,"26":0,"29":1,"31":0,"32":0,"35":0,"36":0,"39":0,"40":0,"43":0,"44":0,"47":0,"48":0,"51":0,"55":1,"56":0,"58":0,"59":0,"63":0,"65":0,"66":0,"67":0,"70":0,"71":0,"74":0,"75":0,"78":0,"81":1,"82":0,"84":0,"85":0,"89":0,"91":0,"92":0,"93":0,"96":0,"97":0,"100":0,"101":0,"104":0,"107":1,"108":0,"110":0,"111":0,"115":0,"117":0,"118":0,"119":0,"122":0,"123":0,"126":0,"127":0,"130":0,"133":1,"134":0,"136":0,"137":0,"141":0,"143":0,"144":0,"145":0,"148":0,"149":0,"152":0,"153":0,"156":0,"159":1,"160":0,"161":0,"162":0,"163":0,"167":0,"168":0,"172":1,"174":0,"175":0,"177":0,"179":0,"181":0,"182":0,"183":0,"186":0,"188":0,"189":0,"192":0,"193":0,"194":0,"195":0,"198":0,"199":0,"207":0,"208":0,"209":0,"212":0,"213":0,"216":0,"217":0,"220":0,"221":0,"224":0,"228":0,"232":0,"233":0,"234":0,"238":0,"239":0,"240":0,"243":0,"245":0,"246":0,"247":0,"248":0,"251":0,"263":1,"264":0,"267":0,"268":0,"269":0,"272":0,"275":0,"276":0,"280":0,"281":0,"285":0,"286":0,"289":0,"294":0,"295":0,"296":0,"298":0,"299":0,"301":0,"302":0,"303":0,"306":0,"311":0,"314":0,"315":0,"318":0,"319":0,"322":0,"327":0,"328":0,"330":0,"333":0,"335":0,"338":0,"341":1,"342":0,"345":0,"346":0,"347":0,"350":0,"357":0,"358":0,"359":0,"360":0,"364":0,"365":0,"369":0,"370":0,"374":0,"375":0,"381":0,"382":0,"386":0,"387":0,"388":0,"389":0,"390":0,"391":0,"392":0,"394":0,"397":0,"398":0,"401":0,"402":0,"403":0,"406":0,"407":0,"410":0,"419":0,"420":0,"421":0,"422":0,"426":0,"427":0,"428":0,"432":0,"433":0,"434":0,"435":0,"437":0,"443":0,"444":0,"446":0,"449":0,"451":0,"454":0,"460":1,"461":0,"462":0,"463":0,"464":0,"465":0,"468":0,"469":0,"470":0,"471":0,"472":0,"475":0,"476":0,"477":0,"481":0,"482":0,"483":0,"486":0,"500":0,"501":0,"502":0,"505":0,"506":0,"507":0,"510":0,"511":0,"513":0,"519":0,"520":0,"522":0,"525":0,"527":0,"530":0,"534":1}}}